bash, str_replace_editor, opinion, windows_navigate, web_navigator, project_setup, write_code
system
bash, str_replace_editor, opinion, windows_navigate, web_navigator, project_setup, write_code
❓ ❓ ❓ ❓ ❓ 
bash, str_replace_editor, opinion, windows_navigate, web_navigator, project_setup, write_code, picture_generation

❓ ❓ ❓ ❓ ❓ 
Cleaned up message chain to maintain integrity

❓ ❓ ❓ ❓ ❓ 
bash, str_replace_editor, opinion, windows_navigate, web_navigator, project_setup, write_code, picture_generation

❓ ❓ ❓ ❓ ❓ 
Cleaned up message chain to maintain integrity

❓ ❓ ❓ ❓ ❓ 
Cleaned up message chain to maintain integrity

❓ ❓ ❓ ❓ ❓ 
bash, str_replace_editor, opinion, windows_navigate, web_navigator, project_setup, write_code, picture_generation

❓ ❓ ❓ ❓ ❓ 
Cleaned up message chain to maintain integrity

❓ ❓ ❓ ❓ ❓ 
Cleaned up message chain to maintain integrity

❓ ❓ ❓ ❓ ❓ 
bash, str_replace_editor, opinion, windows_navigate, web_navigator, project_setup, write_code, picture_generation

❓ ❓ ❓ ❓ ❓ 
Cleaned up message chain to maintain integrity

❓ ❓ ❓ ❓ ❓ 
Cleaned up message chain to maintain integrity

❓ ❓ ❓ ❓ ❓ 
bash, str_replace_editor, opinion, windows_navigate, web_navigator, project_setup, write_code, picture_generation

❓ ❓ ❓ ❓ ❓ 
Cleaned up message chain to maintain integrity

❓ ❓ ❓ ❓ ❓ 
Cleaned up message chain to maintain integrity

❓ ❓ ❓ ❓ ❓ 
bash, str_replace_editor, opinion, windows_navigate, web_navigator, project_setup, write_code, picture_generation

❓ ❓ ❓ ❓ ❓ 
Cleaned up message chain to maintain integrity

❓ ❓ ❓ ❓ ❓ 
Cleaned up message chain to maintain integrity

❓ ❓ ❓ ❓ ❓ 
Cleaned up message chain to maintain integrity

❓ ❓ ❓ ❓ ❓ 
bash, str_replace_editor, opinion, windows_navigate, web_navigator, project_setup, write_code, picture_generation

❓ ❓ ❓ ❓ ❓ 
Cleaned up message chain to maintain integrity

❓ ❓ ❓ ❓ ❓ 
bash, str_replace_editor, opinion, windows_navigate, web_navigator, project_setup, write_code, picture_generation

❓ ❓ ❓ ❓ ❓ 
Cleaned up message chain to maintain integrity

