📎 📎 📎 📎 📎 
ProjectSetupTool executing command: setup_project in node environment

📎 📎 📎 📎 📎 
ProjectSetupTool completed: Command: setup_project
Status: success
Project Path: C:\mygit\Slazy\repo\iq
Packages Installed:

📎 📎 📎 📎 📎 
WriteCodeTool Instructions: Create an HTML file for an IQ test web application. The file should include:
- A proper HTML5 structure
- Links to styles.css and script.js
- A main container for the test
- A welcome screen section
- A test section that will show one question at a time
- A results section
- Progress indicator
- Navigation buttons (Next, Previous, Submit)
- Score display area

The HTML should be semantic and accessible, with clear structure and appropriate ARIA attributes where necessary.

The structure should allow for:
- Single question display at a time
- Multiple choice answers
- Progress tracking
- Final score display

The styling and script files will be linked from the same directory.

📎 📎 📎 📎 📎 
WriteCodeTool completed: Command: write_code_to_file
Status: success
Project Path: C:\mygit\Slazy\repo\iq
Filename: index.html
Code:
<!DOCTYPE html>
<html lang="en">
<head>
    <meta charset="UTF-8">
    <meta name="viewport" content="width=device-width, initial-scale=1.0">
    <title>IQ Test</title>
    <link rel="stylesheet" href="styles.css">
</head>
<body>
    <main class="test-container" aria-label="IQ Test Container">
        <section class="welcome-screen" id="welcome">
            <h1>Welcome to the IQ Test!</h1>
            <button id="start-btn">Start Test</button>
        </section>

        <section class="test-section" id="test" aria-hidden="true" hidden>
            <div class="progress-indicator" aria-label="Progress Indicator">
                <span id="progress-text">Question 1 of 10</span>
                <div id="progress-bar">
                    <div id="progress-tracker" style="width: 10%;"></div>
                </div>
            </div>

            <div class="question-container">
                <h2 id="question-text">Question will appear here</h2>
                <div id="answers" role="radiogroup" aria-label="Answers">
                    <!-- Dynamically insert radio buttons here -->
                </div>
                <nav class="navigation-buttons">
                    <button id="prev-btn" disabled>Previous</button>
                    <button id="next-btn">Next</button>
                    <button id="submit-btn" hidden>Submit</button>
                </nav>
            </div>

            <div class="score-display" id="score-display" aria-hidden="true" hidden>
                <h2>Your Score: <span id="score-text"></span></h2>
            </div>
        </section>

        <section class="results-section" id="results" aria-hidden="true" hidden>
            <h2>Your Final Score</h2>
            <p id="final-score"></p>
            <button id="retake-btn">Retake Test</button>
        </section>
    </main>

    <script src="script.js"></script>
</body>
</html>

📎 📎 📎 📎 📎 
WriteCodeTool Instructions: Create a CSS file for the IQ test web application that includes:
- Clean, modern styling suitable for an 11-year-old audience
- Responsive design that works on different screen sizes
- Styles for all components including:
  - Welcome screen
  - Question container
  - Progress bar
  - Answer options (radio buttons and labels)
  - Navigation buttons
  - Results section
- Appropriate color scheme and typography
- Transitions for smooth question changes
- Clear visual hierarchy
- Accessible design elements (contrast, font sizes, etc.)
- Interactive states (hover, focus, active)
The styling should be professional yet engaging for the target age group.

📎 📎 📎 📎 📎 
WriteCodeTool completed: Command: write_code_to_file
Status: success
Project Path: C:\mygit\Slazy\repo\iq
Filename: styles.css
Code:
/* General Styles */
body {
  font-family: 'Open Sans', sans-serif;
  margin: 0;
  background-color: #f9f9f9;
}

.test-container {
  display: flex;
  flex-direction: column;
  align-items: center;
  padding: 20px;
}

/* Welcome Screen Styles */
.welcome-screen {
  background-color: #2c3e50;
  display: flex;
  flex-direction: column;
  align-items: center;
  justify-content: center;
  height: 100vh;
  color: white;
  text-align: center;
}

.welcome-screen h1 {
  font-size: 2.5em;
  margin-bottom: 30px;
}

.welcome-screen #start-btn {
  width: 150px;
  font-size: 1.2em;
  background-color: #f1c40f;
  color: #2c3e50;
  border: none;
  padding: 15px;
  border-radius: 5px;
  cursor: pointer;
  transition: background-color 0.3s;
}

.welcome-screen #start-btn:hover {
  background-color: #d4ac0d;
}

.welcome-screen #start-btn:focus {
  outline: 2px solid #f39c12;
}

/* Question Container Styles */
#test {
  width: 100%;
  max-width: 800px;
}

#question-text {
  font-size: 1.8em;
  margin-bottom: 20px;
  color: #2c3e50;
}

#answers {
  display: flex;
  flex-direction: column;
}

#answers label {
  font-size: 1.2em;
  margin: 10px 0;
  cursor: pointer;
  display: flex;
  align-items: center;
  transition: background-color 0.3s, border-radius 0.3s;
  padding: 10px;
  border-radius: 5px;
}

#answers label:hover {
  background-color: #ecf0f1;
}

input[type="radio"] {
  margin-right: 10px;
  transform: scale(1.2);
  cursor: pointer;
}

input[type="radio"]:focus {
  outline: 2px solid #f1c40f;
}

/* Progress Bar Styles */
.progress-indicator {
  width: 100%;
  max-width: 800px;
  margin-bottom: 20px;
}

#progress-text {
  font-size: 1em;
  margin-bottom: 5px;
  color: #2c3e50;
}

#progress-bar {
  background: lightgray;
  width: 100%;
  height: 15px;
  border-radius: 10px;
  overflow: hidden;
}

#progress-tracker {
  background-color: #f1c40f;
  height: 100%;
  width: 10%;
  transition: width 0.5s ease-in-out;
}

/* Navigation Buttons Styles */
.navigation-buttons {
  display: flex;
  justify-content: space-between;
  margin-top: 20px;
}

.navigation-buttons button {
  font-size: 1em;
  background-color: #2c3e50;
  color: white;
  border: none;
  padding: 10px 20px;
  margin: 5px;
  border-radius: 5px;
  cursor: pointer;
  transition: background-color 0.3s;
}

.navigation-buttons button:hover {
  background-color: #4f606d;
}

.navigation-buttons button:disabled {
  background-color: #7f8c8d;
  cursor: not-allowed;
}

.navigation-buttons button:focus {
  outline: 2px solid #f1c40f;
}

/* Submit Button Specific */
#submit-btn {
  background-color: #27ae60;
}

#submit-btn:hover {
  background-color: #1e8449;
}

/* Score Display Styles */
.score-display {
  background-color: #ffffff;
  padding: 20px;
  border-radius: 10px;
  box-shadow: 0 4px 6px rgba(0, 0, 0, 0.1);
  text-align: center;
}

#score-text {
  font-size: 2em;
  color: #27ae60;
}

/* Results Section Styles */
#results {
  background-color: #2c3e50;
  color: white;
  display: flex;
  flex-direction: column;
  align-items: center;
  justify-content: center;
  height: 100vh;
  text-align: center;
}

#results h2 {
  font-size: 2.5em;
  margin-bottom: 20px;
}

#final-score {
  font-size: 2em;
  margin-bottom: 30px;
}

#retake-btn {
  width: 150px;
  font-size: 1.2em;
  background-color: #f1c40f;
  color: #2c3e50;
  border: none;
  padding: 15px;
  border-radius: 5px;
  cursor: pointer;
  transition: background-color 0.3s;
}

#retake-btn:hover {
  background-color: #d4ac0d;
}

#retake-btn:focus {
  outline: 2px solid #f39c12;
}

/* Transition Effects */
.question-container {
  opacity: 1;
  transition: opacity 0.5s ease-in-out;
}

.fade-out {
  opacity: 0;
}

.fade-in {
  opacity: 1;
}

/* Accessible Contrast */
.score-display {
  background-color: #ffffff;
  padding: 20px;
  border-radius: 10px;
}

#score-text {
  font-size: 2em;
  color: #2c3e50;
}

/* Responsive Design Media Queries */
@media screen and (max-width: 768px) {
  .welcome-screen h1 {
    font-size: 2em;
  }

  .welcome-screen #start-btn,
  #retake-btn {
    width: 120px;
    padding: 12px;
    font-size: 1em;
  }

  #question-text {
    font-size: 1.5em;
  }

  #answers label {
    font-size: 1em;
    padding: 8px;
  }

  .navigation-buttons button {
    padding: 8px 16px;
    font-size: 0.9em;
  }

  #progress-bar {
    height: 10px;
  }

  #progress-tracker {
    height: 10px;
  }
}

@media screen and (max-width: 480px) {
  .welcome-screen {
    padding: 10px;
  }

  .welcome-screen h1 {
    font-size: 1.8em;
  }

  .welcome-screen #start-btn,
  #retake-btn {
    width: 100px;
    padding: 10px;
    font-size: 1em;
  }

  #question-text {
    font-size: 1.3em;
  }

  #answers label {
    font-size: 0.9em;
    padding: 6px;
  }

  .navigation-buttons {
    flex-direction: column;
    align-items: stretch;
  }

  .navigation-buttons button {
    width: 100%;
    margin: 5px 0;
  }

  #progress-bar {
    height: 8px;
  }

  #progress-tracker {
    height: 8px;
  }
}

📎 📎 📎 📎 📎 
WriteCodeTool Instructions: Create a JavaScript file for the IQ test web application that includes:
- A comprehensive set of 10 age-appropriate IQ test questions for 11-year-olds
- Questions should cover:
  - Verbal reasoning
  - Logical reasoning
  - Spatial reasoning
  - Quantitative reasoning
- Each question should have multiple choice answers
- Logic for:
  - Displaying questions one at a time
  - Handling user navigation
  - Tracking answers
  - Calculating scores
  - Showing/hiding appropriate sections
  - Progress tracking
  - Final score calculation
- Scientific scoring mechanism
- Answer validation
- State management
- Transition effects
The code should be well-commented and modular in structure.

📎 📎 📎 📎 📎 
WriteCodeTool completed: Command: write_code_to_file
Status: success
Project Path: C:\mygit\Slazy\repo\iq
Filename: script.js
Code:
// script.js

/**
 * IQ Test Web Application
 * Author: [Your Name]
 * Description: JavaScript functionality for the IQ Test application, including question display,
 * navigation, answer tracking, score calculation, and transition effects.
 */

/* Question Set: 10 Age-Appropriate IQ Test Questions for 11-Year-Olds */
const questions = [
  {
    id: 1,
    type: 'Verbal Reasoning',
    question: 'Which word is the opposite of "brave"?',
    options: ['Courageous', 'Fearful', 'Valiant', 'Bold'],
    correct: 1, // Index of 'Fearful'
  },
  {
    id: 2,
    type: 'Logical Reasoning',
    question: 'If all Bloops are Razzies and all Razzies are Lazzies, are all Bloops definitely Lazzies?',
    options: ['Yes', 'No', 'Cannot be determined', 'Only some are'],
    correct: 0, // 'Yes'
  },
  {
    id: 3,
    type: 'Spatial Reasoning',
    question: 'Which shape completes the pattern?',
    options: ['🔺', '🔵', '🔷', '🔻'],
    correct: 3, // Assuming '🔻' completes the pattern
  },
  {
    id: 4,
    type: 'Quantitative Reasoning',
    question: 'What is the next number in the sequence: 2, 4, 8, 16, ?',
    options: ['18', '32', '24', '20'],
    correct: 1, // '32'
  },
  {
    id: 5,
    type: 'Verbal Reasoning',
    question: 'Choose the synonym for "happy".',
    options: ['Sad', 'Elated', 'Angry', 'Tired'],
    correct: 1, // 'Elated'
  },
  {
    id: 6,
    type: 'Logical Reasoning',
    question: 'Tom is taller than Jerry. Jerry is taller than Sam. Who is the tallest?',
    options: ['Tom', 'Jerry', 'Sam', 'Cannot be determined'],
    correct: 0, // 'Tom'
  },
  {
    id: 7,
    type: 'Spatial Reasoning',
    question: 'Which 3D shape has 6 faces, all of which are squares?',
    options: ['Cube', 'Sphere', 'Cylinder', 'Pyramid'],
    correct: 0, // 'Cube'
  },
  {
    id: 8,
    type: 'Quantitative Reasoning',
    question: 'If you buy 3 packs of stickers with 12 stickers each, how many stickers do you have?',
    options: ['24', '36', '30', '18'],
    correct: 1, // '36'
  },
  {
    id: 9,
    type: 'Verbal Reasoning',
    question: 'What is the antonym of "ancient"?',
    options: ['Modern', 'Old', 'Historic', 'Aged'],
    correct: 0, // 'Modern'
  },
  {
    id: 10,
    type: 'Logical Reasoning',
    question: 'All roses are flowers. Some flowers fade quickly. Do all roses fade quickly?',
    options: ['Yes', 'No', 'Cannot be determined', 'Only some do'],
    correct: 2, // 'Cannot be determined'
  },
];

/* State Management */
let currentQuestionIndex = 0;
const userAnswers = new Array(questions.length).fill(null);
let totalScore = 0;

/* Event Listeners */
document.addEventListener('DOMContentLoaded', () => {
  const startBtn = document.getElementById('start-btn');
  const nextBtn = document.getElementById('next-btn');
  const prevBtn = document.getElementById('prev-btn');
  const submitBtn = document.getElementById('submit-btn');
  const retakeBtn = document.getElementById('retake-btn');

  startBtn.addEventListener('click', startTest);
  nextBtn.addEventListener('click', handleNext);
  prevBtn.addEventListener('click', handlePrev);
  submitBtn.addEventListener('click', handleSubmit);
  retakeBtn.addEventListener('click', retakeTest);

  // Initial setup
  document.getElementById('test').addEventListener('transitionend', handleTransitionEnd);
});

/* Function to Start the Test */
function startTest() {
  const welcomeSection = document.getElementById('welcome');
  const testSection = document.getElementById('test');

  welcomeSection.classList.add('fade-out');
  testSection.hidden = false;
  testSection.classList.add('fade-in');

  displayQuestion();
  updateProgressBar();
}

/* Function to Display the Current Question */
function displayQuestion() {
  const question = questions[currentQuestionIndex];
  const questionText = document.getElementById('question-text');
  const answersContainer = document.getElementById('answers');

  // Clear previous answers
  answersContainer.innerHTML = '';

  // Set question text
  questionText.textContent = question.question;

  // Create radio buttons for options
  question.options.forEach((option, index) => {
    const optionId = `option-${index}`;

    const radioInput = document.createElement('input');
    radioInput.type = 'radio';
    radioInput.id = optionId;
    radioInput.name = 'option';
    radioInput.value = index;
    radioInput.checked = userAnswers[currentQuestionIndex] === index;

    const label = document.createElement('label');
    label.setAttribute('for', optionId);
    label.textContent = option;
    label.prepend(radioInput);

    answersContainer.appendChild(label);
  });

  // Update navigation buttons
  document.getElementById('prev-btn').disabled = currentQuestionIndex === 0;
  const nextBtn = document.getElementById('next-btn');
  const submitBtn = document.getElementById('submit-btn');

  if (currentQuestionIndex === questions.length - 1) {
    nextBtn.hidden = true;
    submitBtn.hidden = false;
  } else {
    nextBtn.hidden = false;
    submitBtn.hidden = true;
  }
}

/* Function to Handle 'Next' Button Click */
function handleNext() {
  const selectedOption = getSelectedOption();
  if (selectedOption === null) {
    alert('Please select an answer before proceeding.');
    return;
  }

  saveAnswer(selectedOption);
  navigateToQuestion(currentQuestionIndex + 1);
}

/* Function to Handle 'Previous' Button Click */
function handlePrev() {
  if (currentQuestionIndex > 0) {
    navigateToQuestion(currentQuestionIndex - 1);
  }
}

/* Function to Handle 'Submit' Button Click */
function handleSubmit() {
  const selectedOption = getSelectedOption();
  if (selectedOption === null) {
    alert('Please select an answer before submitting.');
    return;
  }

  saveAnswer(selectedOption);
  calculateScore();
  showFinalScore();
}

/* Function to Retake the Test */
function retakeTest() {
  // Reset state variables
  currentQuestionIndex = 0;
  userAnswers.fill(null);
  totalScore = 0;

  // Reset UI elements
  const resultsSection = document.getElementById('results');
  const testSection = document.getElementById('test');
  const scoreDisplay = document.getElementById('score-display');

  resultsSection.classList.add('fade-out');
  testSection.classList.remove('fade-out');
  testSection.hidden = false;
  testSection.classList.add('fade-in');

  scoreDisplay.hidden = true;
  displayQuestion();
  updateProgressBar();
}

/* Function to Navigate to a Specific Question */
function navigateToQuestion(index) {
  // Add fade-out effect
  const testSection = document.getElementById('test');
  testSection.classList.add('fade-out');

  // Update current question index
  currentQuestionIndex = index;
}

/* Function to Handle Transition End for Fade Effects */
function handleTransitionEnd(event) {
  if (event.propertyName !== 'opacity') return;

  const testSection = document.getElementById('test');

  if (testSection.classList.contains('fade-out')) {
    // After fading out, display the next question
    testSection.classList.remove('fade-out');
    displayQuestion();
    updateProgressBar();
    testSection.classList.add('fade-in');
  }
}

/* Function to Get Selected Option */
function getSelectedOption() {
  const selected = document.querySelector('input[name="option"]:checked');
  return selected ? parseInt(selected.value) : null;
}

/* Function to Save User's Answer */
function saveAnswer(selectedIndex) {
  userAnswers[currentQuestionIndex] = selectedIndex;
}

/* Function to Update the Progress Bar */
function updateProgressBar() {
  const progressTracker = document.getElementById('progress-tracker');
  const progressText = document.getElementById('progress-text');
  const progressPercentage = ((currentQuestionIndex) / questions.length) * 100;

  progressTracker.style.width = `${progressPercentage}%`;
  progressText.textContent = `Question ${currentQuestionIndex + 1} of ${questions.length}`;
}

/* Function to Calculate the Total Score */
function calculateScore() {
  totalScore = 0;
  questions.forEach((question, index) => {
    if (userAnswers[index] === question.correct) {
      totalScore++;
    }
  });
}

/* Function to Show the Final Score */
function showFinalScore() {
  const testSection = document.getElementById('test');
  const scoreDisplay = document.getElementById('score-display');
  const resultsSection = document.getElementById('results');
  const finalScoreElement = document.getElementById('final-score');
  const scoreTextElement = document.getElementById('score-text');

  // Hide test section
  testSection.classList.add('fade-out');
  testSection.hidden = true;

  // Update and show score
  scoreTextElement.textContent = `${totalScore}`;
  finalScoreElement.textContent = `Your final score is ${totalScore} out of ${questions.length}`;
  resultsSection.hidden = false;
  resultsSection.classList.add('fade-in');
}

📎 📎 📎 📎 📎 
Processing command: cd C:\mygit\Slazy\repo\iq && python -m http.server 8000

📎 📎 📎 📎 📎 
WriteCodeTool Instructions: Create a simple Express.js server that will serve our static files for the IQ test application. The server should:
- Use Express.js
- Serve static files from the current directory
- Listen on port 3000
- Include basic error handling

📎 📎 📎 📎 📎 
WriteCodeTool completed: Command: write_code_to_file
Status: success
Project Path: C:\mygit\Slazy\repo\iq
Filename: server.js
Code:
Create a simple Express.js server that will serve our static files for the IQ test application. The server should:
- Use Express.js
- Serve static files from the current directory
- Listen on port 3000
- Include basic error handling

