📎 📎 📎 📎 📎 
ProjectSetupTool executing command: setup_project in python environment

📎 📎 📎 📎 📎 
ProjectSetupTool completed: Command: setup_project
Status: success
Project Path: C:\mygit\BLazy\repo\scad
Packages Installed:

📎 📎 📎 📎 📎 
WriteCodeTool Instructions: OpenSCAD code for a mechanical library containing parametric components for 3D printing. 

The library should include:
1. A module for creating print-in-place ball bearings with:
   - Customizable outer diameter
   - Ball count
   - Clearance parameters
   - Built-in tolerances for 3D printing

2. A module for creating print-in-place hinges with:
   - Adjustable pin diameter
   - Knuckle count
   - Built-in tolerances
   
3. Utility functions for:
   - Managing printer tolerances
   - Calculating proper clearances
   
The code should be well-documented with comments explaining usage and important parameters.
All components should be designed with 3D printing constraints in mind, especially for print-in-place functionality.

📎 📎 📎 📎 📎 
WriteCodeTool completed: Command: write_code_to_file
Status: success
Project Path: C:\mygit\BLazy\repo\scad
Filename: mechanical_lib.scad
Code:
// Mechanical Library for 3D Printing

// Module for creating print-in-place ball bearings
/**
 * Creates a print-in-place ball bearing with customizable parameters.
 * 
 * @param {float} od - Outer diameter of the bearing
 * @param {int} ball_count - Number of balls in the bearing
 * @param {float} clearance - Clearance between the balls and the outer ring
 * @param {float} tol - Tolerance for 3D printing (default: 0.1)
 */
module ball_bearing(od, ball_count, clearance, tol = 0.1) {
    // Calculate the ball diameter based on the outer diameter and ball count
    ball_diameter = (od / (ball_count + 1)) * 2;
    
    // Create the outer ring
    difference() {
        cylinder(h = 10, d = od, center = true);
        // Subtract the ball cavity
        for (i = [0 : ball_count - 1]) {
            rotate([0, 0, 360 / ball_count * i]) {
                translate([od / 2 - ball_diameter / 2 - clearance / 2, 0, 0]) {
                    sphere(d = ball_diameter + clearance);
                }
            }
        }
    }
    
    // Create the balls
    for (i = [0 : ball_count - 1]) {
        rotate([0, 0, 360 / ball_count * i]) {
            translate([od / 2 - ball_diameter / 2 - clearance / 2, 0, 0]) {
                sphere(d = ball_diameter);
            }
        }
    }
}

// Module for creating print-in-place hinges
/**
 * Creates a print-in-place hinge with adjustable parameters.
 * 
 * @param {float} pin_diameter - Diameter of the hinge pin
 * @param {int} knuckle_count - Number of knuckles in the hinge
 * @param {float} tol - Tolerance for 3D printing (default: 0.1)
 */
module hinge(pin_diameter, knuckle_count, tol = 0.1) {
    // Calculate the knuckle diameter based on the pin diameter and knuckle count
    knuckle_diameter = pin_diameter * 2;
    
    // Create the knuckles
    for (i = [0 : knuckle_count - 1]) {
        translate([i * (knuckle_diameter + pin_diameter), 0, 0]) {
            cylinder(h = 10, d = knuckle_diameter, center = true);
        }
    }
    
    // Create the pin
    for (i = [0 : knuckle_count - 1]) {
        translate([i * (knuckle_diameter + pin_diameter) + knuckle_diameter / 2, 0, 0]) {
            cylinder(h = 10, d = pin_diameter, center = true);
        }
    }
}

// Utility function for managing printer tolerances
/**
 * Calculates the proper clearance based on the tolerance and desired clearance.
 * 
 * @param {float} tol - Tolerance for 3D printing
 * @param {float} clearance - Desired clearance
 * @return {float} Calculated clearance
 */
function calculate_clearance(tol, clearance) {
    return clearance + tol;
}

// Example usage:
ball_bearing(od = 20, ball_count = 5, clearance = 0.5);
translate([30, 0, 0]) {
    hinge(pin_diameter = 5, knuckle_count = 3);
}

// Test the calculate_clearance function
clearance = calculate_clearance(tol = 0.1, clearance = 0.5);
echo("Calculated clearance:", clearance);

📎 📎 📎 📎 📎 
WriteCodeTool Instructions: OpenSCAD code for advanced mechanical components specifically designed for print-in-place fidget toys.

The library should include:
1. A parametric gear module with:
   - Customizable tooth count
   - Module (pitch)
   - Pressure angle
   - Print-in-place clearances
   
2. A flexible spring/joint module that can be printed in place:
   - Adjustable flexibility
   - Customizable dimensions
   - Built-in stress distribution
   
3. An enhanced bearing module with:
   - Inner and outer rings
   - Captive ball design
   - Self-aligning features
   
All components should be designed with 3D printing constraints in mind, with specific attention to:
- Minimum layer height considerations
- Bridging capabilities
- No support requirements
- Print orientation optimization

