📎 📎 📎 📎 📎 
ProjectSetupTool executing command: setup_project in python environment

📎 📎 📎 📎 📎 
ProjectSetupTool completed: Command: setup_project
Status: success
Project Path: C:\mygit\Slazy\repo\pygamedemo
Packages Installed:

📎 📎 📎 📎 📎 
ProjectSetupTool executing command: add_additional_depends in python environment

📎 📎 📎 📎 📎 
ProjectSetupTool error: Command 'uv add json' returned non-zero exit status 1.

📎 📎 📎 📎 📎 
WriteCodeTool Instructions: Create a Python script using Pygame for a side-scrolling platformer game. The main file should:
1. Initialize Pygame and create the main game window
2. Set up the game loop
3. Handle basic game states (menu, playing, game over)
4. Import and use other game modules
5. Initialize the display with a 800x600 window
6. Set up FPS control
7. Import necessary game components from other modules we'll create

The code should include:
- Pygame initialization
- Screen setup
- Game states management
- Main game loop
- Clock/FPS control
- Basic color definitions
- Game state transitions

📎 📎 📎 📎 📎 
WriteCodeTool completed: Command: write_code_to_file
Status: success
Project Path: C:\mygit\Slazy\repo\pygamedemo
Filename: main.py
Code:
import pygame
import sys

# Initialize Pygame
pygame.init()

# Screen setup
SCREEN_WIDTH = 800
SCREEN_HEIGHT = 600
screen = pygame.display.set_mode((SCREEN_WIDTH, SCREEN_HEIGHT))
pygame.display.set_caption("Side-Scrolling Platformer")

# Basic color definitions
WHITE = (255, 255, 255)
BLACK = (0, 0, 0)
RED = (255, 0, 0)
GREEN = (0, 255, 0)
BLUE = (0, 0, 255)

# Game states
GAME_STATE_MENU = "menu"
GAME_STATE_PLAYING = "playing"
GAME_STATE_GAME_OVER = "game_over"

# Initialize game state
current_game_state = GAME_STATE_MENU

# Clock/FPS control
clock = pygame.time.Clock()
FPS = 60

# Function to display text
def draw_text(text, font, color, x, y):
    img = font.render(text, True, color)
    screen.blit(img, (x, y))

# Main menu
def show_menu():
    screen.fill(BLUE)
    font = pygame.font.Font(None, 74)
    draw_text("Main Menu", font, WHITE, 250, 250)
    font = pygame.font.Font(None, 36)
    draw_text("Press SPACE to Start", font, WHITE, 280, 350)
    pygame.display.flip()

# Playing state
def play_game():
    screen.fill(GREEN)
    font = pygame.font.Font(None, 36)
    draw_text("Playing Game...", font, BLACK, 300, 250)
    pygame.display.flip()

# Game over state
def show_game_over():
    screen.fill(RED)
    font = pygame.font.Font(None, 74)
    draw_text("Game Over", font, WHITE, 250, 250)
    font = pygame.font.Font(None, 36)
    draw_text("Press ESC to Quit", font, WHITE, 280, 350)
    pygame.display.flip()

# Main game loop
running = True
while running:
    # Event handling
    for event in pygame.event.get():
        if event.type == pygame.QUIT:
            running = False

    keys = pygame.key.get_pressed()

    # Game state transitions
    if current_game_state == GAME_STATE_MENU:
        show_menu()
        if keys[pygame.K_SPACE]:
            current_game_state = GAME_STATE_PLAYING

    elif current_game_state == GAME_STATE_PLAYING:
        play_game()
        if keys[pygame.K_ESCAPE]:  # Temporary shortcut to game over
            current_game_state = GAME_STATE_GAME_OVER

    elif current_game_state == GAME_STATE_GAME_OVER:
        show_game_over()
        if keys[pygame.K_ESCAPE]:
            running = False

    # FPS control
    clock.tick(FPS)

# Quit Pygame
pygame.quit()
sys.exit()

📎 📎 📎 📎 📎 
WriteCodeTool Instructions: Create a Python class for the player character in our platformer game. The player should:
1. Have sprite animation for different states (idle, running, jumping, attacking)
2. Handle physics (gravity, jumping, collision detection)
3. Manage power-ups and their effects
4. Keep track of player statistics
5. Handle keyboard input for movement and actions
6. Manage player states and animations

The code should include:
- Player class with all necessary attributes
- Movement mechanics (left, right, jump)
- Animation states
- Power-up system
- Collision detection methods
- Stats tracking
- Physics calculations for realistic movement

