📎 📎 📎 📎 📎 
ProjectSetupTool executing command: setup_project in python environment

📎 📎 📎 📎 📎 
ProjectSetupTool completed: Command: setup_project
Status: success
Project Path: C:\mygit\Slazy\repo\pygamedemo
Packages Installed:
  - pygame

📎 📎 📎 📎 📎 
WriteCodeTool Instructions: Create a Python file using Pygame for a side-scrolling platformer game. The code should include:

1. Required Pygame imports and initialization
2. Game window setup with a resolution of 800x600
3. Basic game states (MENU, PLAYING, GAME_OVER)
4. Main game loop structure
5. Basic color constants
6. Clock setup for controlling FPS
7. Player class with basic movement mechanics (run, jump)
8. Game initialization function
9. Main menu setup
10. Basic game state management

The code should follow best practices and include comments for clarity. The main character should be represented temporarily as a rectangle until we add sprites later.

📎 📎 📎 📎 📎 
WriteCodeTool completed: Command: write_code_to_file
Status: success
Project Path: C:\mygit\Slazy\repo\pygamedemo
Filename: game.py
Code:
# Import necessary libraries
import pygame
import sys

# Initialize Pygame
pygame.init()

# Constants
SCREEN_WIDTH, SCREEN_HEIGHT = 800, 600
FPS = 60

# Define colors
BLACK = (0, 0, 0)
WHITE = (255, 255, 255)
RED = (255, 0, 0)

# Game states
MENU = "menu"
PLAYING = "playing"
GAME_OVER = "game_over"
current_state = MENU

# Set up the display
screen = pygame.display.set_mode((SCREEN_WIDTH, SCREEN_HEIGHT))
pygame.display.set_caption("Platformer Game")

# Clock setup
clock = pygame.time.Clock()

# Player class
class Player(pygame.sprite.Sprite):
    def __init__(self):
        super().__init__()
        self.image = pygame.Surface((50, 50))
        self.image.fill(RED)  # Using red color for the player for now
        self.rect = self.image.get_rect()
        self.rect.x = 50 
        self.rect.y = 50 

        # Movement attributes
        self.velocity = [0, 0]
        self.jumping = False

    def move(self):
        keys = pygame.key.get_pressed()

        if keys[pygame.K_LEFT]:
            self.velocity[0] = -5
        elif keys[pygame.K_RIGHT]:
            self.velocity[0] = 5
        else:
            self.velocity[0] = 0

        if not self.jumping and keys[pygame.K_SPACE]:
            self.velocity[1] = -10
            self.jumping = True

        # Gravity effect
        self.velocity[1] += 0.5

        self.rect.x += self.velocity[0]
        self.rect.y += self.velocity[1]

    def update(self):
        global current_state
        if self.rect.y > SCREEN_HEIGHT:
            self.rect.y = 0
            self.rect.x = 50
            self.velocity[1] = 0
            self.velocity[0] = 0
            self.jumping = False

        if self.rect.colliderect(pygame.Rect(0, SCREEN_HEIGHT - 20, SCREEN_WIDTH, 20)):
            self.jumping = False
        else:
            self.jumping = True

# Game initialization
def initialize_game():
    global player
    player = Player()
    player.rect.x = 400
    player.rect.y = 500

# Main game loop
def main_loop():
    global current_state, running
    running = True
    while running:
        for event in pygame.event.get():
            if event.type == pygame.QUIT:
                running = False

        screen.fill(BLACK)
        
        if current_state == MENU:
            pass  # Placeholder for menu actions

        if current_state == PLAYING:
            player.move()
            screen.blit(player.image, player.rect.topleft)

        pygame.display.flip()
        clock.tick(FPS)

    # Quit Pygame
    pygame.quit()
    sys.exit()

# Initialization
initialize_game()

# Start the main loop
main_loop()

📎 📎 📎 📎 📎 
WriteCodeTool Instructions: Create a Python file for enemy management in our platformer game. The code should include:

1. Enemy base class with movement patterns
2. Different types of enemies (walking, flying)
3. Enemy collision detection
4. Enemy behavior patterns
5. Enemy sprite management (temporary rectangles for now)

The enemies should have basic AI movement patterns and interact with the player.

📎 📎 📎 📎 📎 
WriteCodeTool completed: Command: write_code_to_file
Status: success
Project Path: C:\mygit\Slazy\repo\pygamedemo
Filename: enemy.py
Code:
# enemy_manager.py

# Import necessary libraries
import pygame
import random

# Constants
SCREEN_WIDTH, SCREEN_HEIGHT = 800, 600

# Enemy base class
class Enemy(pygame.sprite.Sprite):
    def __init__(self, x, y):
        super().__init__()
        self.image = pygame.Surface((50, 50))
        self.image.fill((0, 255, 0))  # Using green color for enemies
        self.rect = self.image.get_rect()
        self.rect.x = x
        self.rect.y = y
        self.velocity = [random.choice([-2, 2]), 0]  # Random horizontal velocity
    
    def move(self):
        self.rect.x += self.velocity[0]
        self.rect.y += self.velocity[1]
        self.bounce_off_edges()
    
    def bounce_off_edges(self):
        if self.rect.left < 0 or self.rect.right > SCREEN_WIDTH:
            self.velocity[0] *= -1

# Different types of enemies
class WalkingEnemy(Enemy):
    def update(self):
        self.move()

class FlyingEnemy(Enemy):
    def __init__(self, x, y):
        super().__init__(x, y)
        self.velocity[1] = random.choice([-2, 2])  # Add vertical motion
    
    def update(self):
        self.move()

# Enemy collision detection and behavior patterns
def handle_collision(enemy, player):
    if enemy.rect.colliderect(player.rect):
        print(f"Collision detected with {type(enemy).__name__}")
        enemy.velocity[0] *= -1  # Bounce back on collision

# Enemy sprite management
def create_enemy_group():
    enemy_group = pygame.sprite.Group()
    for _ in range(10):
        x = random.randint(50, SCREEN_WIDTH - 50)
        y = random.randint(50, SCREEN_HEIGHT - 100)
        if random.random() < 0.5:
            enemy_group.add(WalkingEnemy(x, y))
        else:
            enemy_group.add(FlyingEnemy(x, y))
    return enemy_group

# Sample usage in the main game loop
def main_loop():
    global current_state, running
    running = True
    enemies = create_enemy_group()
    
    while running:
        for event in pygame.event.get():
            if event.type == pygame.QUIT:
                running = False

        screen.fill((0, 0, 0))
        
        if current_state == MENU:
            pass  # Placeholder for menu actions

        if current_state == PLAYING:
            for enemy in enemies:
                enemy.update()
                screen.blit(enemy.image, enemy.rect.topleft)
            
            # Check player-enemy collision
            for enemy in enemies:
                handle_collision(enemy, player)
        
        pygame.display.flip()
        clock.tick(FPS)

    # Cleanup
    enemies.empty()
    pygame.quit()
    sys.exit()

initialize_game()
main_loop()

📎 📎 📎 📎 📎 
WriteCodeTool Instructions: Create a Python file for managing items and power-ups in our platformer game. The code should include:

1. Item base class for collectible objects
2. Different types of power-ups (speed boost, jump boost, invincibility)
3. Item effects management
4. Collection and activation system
5. Power-up duration tracking
6. Visual representation of items (temporary colored rectangles)

The items should provide different effects when collected by the player and have duration-based effects.

📎 📎 📎 📎 📎 
WriteCodeTool completed: Command: write_code_to_file
Status: success
Project Path: C:\mygit\Slazy\repo\pygamedemo
Filename: items.py
Code:
# item_manager.py

# Import necessary libraries
import pygame
import random

# Constants
SCREEN_WIDTH, SCREEN_HEIGHT = 800, 600
POWER_UP_DURATION = 10000  # Duration in milliseconds for how long the power-up lasts

# Item base class
class Item(pygame.sprite.Sprite):
    def __init__(self, x, y):
        super().__init__()
        self.image = pygame.Surface((30, 30))
        self.image.fill((255, 255, 0))  # Yellow color for items
        self.rect = self.image.get_rect()
        self.rect.x = x
        self.rect.y = y
        self.duration = POWER_UP_DURATION  # Default duration for power-up
        self.activation_time = None

    def move(self):
        self.rect.y += 5  # Simply fall downwards

    def update(self):
        self.move()
        if self.rect.top > SCREEN_HEIGHT:
            self.kill()  # Remove item from game if it falls off the screen

# Different types of power-ups
class SpeedBoost(Item):
    def __init__(self, x, y):
        super().__init__(x, y)
        self.image.fill((0, 255, 255))  # Cyan color for speed boost
        self.duration = POWER_UP_DURATION // 2  # Half the default duration

    def apply_effect(self, player):
        print("Speed boost activated!")
        player_speed = player.velocity[0]
        player.velocity[0] = player_speed * 1.5
        self.activation_time = pygame.time.get_ticks()

    def check_duration(self):
        current_time = pygame.time.get_ticks()
        elapsed_time = current_time - self.activation_time
        if elapsed_time >= self.duration:
            return False
        return True

class JumpBoost(Item):
    def __init__(self, x, y):
        super().__init__(x, y)
        self.image.fill((255, 0, 255))  # Magenta color for jump boost

    def apply_effect(self, player):
        print("Jump boost activated!")
        player_jump = player.velocity[1]
        player.velocity[1] = -player_jump * 1.5
        self.activation_time = pygame.time.get_ticks()

    def check_duration(self):
        current_time = pygame.time.get_ticks()
        elapsed_time = current_time - self.activation_time
        if elapsed_time >= self.duration:
            return False
        return True

class Invincibility(Item):
    def __init__(self, x, y):
        super().__init__(x, y)
        self.image.fill((255, 0, 0))  # Red color for Invincibility

    def apply_effect(self, player):
        print("Invincibility activated!")
        self.activation_time = pygame.time.get_ticks()

    def check_duration(self):
        current_time = pygame.time.get_ticks()
        elapsed_time = current_time - self.activation_time
        if elapsed_time >= self.duration:
            return False
        return True

# Power-up collection and activation system
def check_power_up(player, item):
    item.apply_effect(player)

def create_power_up_group():
    item_group = pygame.sprite.Group()
    for _ in range(5):
        x = random.randint(50, SCREEN_WIDTH - 50)
        y = random.randint(50, SCREEN_HEIGHT - 50)
        power_up_type = random.choice([SpeedBoost, JumpBoost, Invincibility])
        item = power_up_type(x, y)
        item_group.add(item)
    return item_group

# Sample usage in the main game loop
def main_loop():
    global current_state, running
    running = True
    players = pygame.sprite.GroupSingle(Player())
    items = create_power_up_group()
    last_item_activation_time = 0

    while running:
        for event in pygame.event.get():
            if event.type == pygame.QUIT:
                running = False

        screen.fill((0, 0, 0))
        
        if current_state == MENU:
            pass  # Placeholder for menu actions

        if current_state == PLAYING:
            for item in items:
                if pygame.sprite.spritecollideany(item, players):
                    current_time = pygame.time.get_ticks()
                    if current_time - last_item_activation_time > 2000:  # Cooldown
                        last_item_activation_time = current_time
                        check_power_up(players.sprite, item)
                        if not item.check_duration():  # Deactivate if duration ends
                            item.kill()
                item.update()
                screen.blit(item.image, item.rect.topleft)

        if current_state == GAME_OVER:
            pass  # Placeholder for game over actions

        players.update()
        players.draw(screen)

        pygame.display.flip()
        clock.tick(FPS)

    # Cleanup
    items.empty()
    pygame.quit()
    sys.exit()

initialize_game()
main_loop()

📎 📎 📎 📎 📎 
WriteCodeTool Instructions: Create a Python file for tracking and displaying game statistics. The code should include:

1. GameStats class to track various metrics (score, coins collected, enemies defeated, time played)
2. High score system with file saving/loading
3. Statistics display system
4. Performance tracking (jumps made, power-ups collected, distance traveled)
5. Methods to update and reset stats
6. JSON file handling for persistent storage
7. Display formatting for showing stats during gameplay and on game over screen

📎 📎 📎 📎 📎 
WriteCodeTool error: 'NoneType' object is not subscriptable

📎 📎 📎 📎 📎 
WriteCodeTool Instructions: Create a Python file for managing game statistics with the following features:

Programming Language: Python
Imports needed: pygame, json, os, time
File interaction: Read/write to a 'highscores.json' file in the same directory

The code should include a GameStats class that tracks:
1. Current game statistics (score, coins, enemies defeated, time played)
2. Session statistics (jumps made, power-ups collected, distance traveled)
3. All-time statistics (high scores, total games played, total time played)
4. Methods for updating, resetting, and saving/loading statistics
5. Display formatting for both in-game HUD and end-game statistics screen

The statistics should persist between game sessions using JSON storage.

📎 📎 📎 📎 📎 
WriteCodeTool error: 'NoneType' object is not subscriptable

📎 📎 📎 📎 📎 
WriteCodeTool Instructions: Python file for game statistics tracking using pygame, json, os, and time libraries. The file should manage current game stats, session stats, and all-time high scores with persistent storage. Include methods for updating, displaying, and saving/loading stats. Create GameStats class with proper initialization and error handling for file operations.

📎 📎 📎 📎 📎 
WriteCodeTool completed: Command: write_code_to_file
Status: success
Project Path: C:\mygit\Slazy\repo\pygamedemo
Filename: stats.py
Code:
# Import necessary libraries
import pygame
import json
import os
from datetime import datetime

# Constants
STATS_FILE_PATH = "game_stats.json"

# GameStats class manages current game stats, session stats, and all-time high scores with persistent storage.
class GameStats:
    def __init__(self):
        # Initialize game data
        self.current_score = 0
        self.high_scores = []
        self.session_start_time = datetime.now()

        # Load existing stats from file if available
        self.load_from_file()

    def load_from_file(self):
        """Load game stats from a JSON file."""
        try:
            if os.path.exists(STATS_FILE_PATH):
                with open(STATS_FILE_PATH, 'r') as f:
                    data = json.load(f)
                    self.current_score = data.get("current_score", 0)
                    self.high_scores = data.get("high_scores", [])
        except Exception as e:
            print(f"Error loading stats: {e}")

    def save_to_file(self):
        """Save game stats to a JSON file."""
        try:
            data = {
                "current_score": self.current_score,
                "high_scores": self.high_scores
            }
            with open(STATS_FILE_PATH, 'w') as f:
                json.dump(data, f, indent=4)
        except Exception as e:
            print(f"Error saving stats: {e}")

    def update_current_score(self, points):
        """Update the current score by adding the specified points."""
        self.current_score += points
        self.save_to_file()

    def add_high_score(self, score, date, details=""):
        """Add a new high score to the list of high scores."""
        self.high_scores.append({"score": score, "date": date.strftime("%Y-%m-%d %H:%M:%S"), "details": details})
        self.high_scores.sort(key=lambda x: x["score"], reverse=True)
        self.high_scores = self.high_scores[:10]  # Keep only top 10 scores
        self.save_to_file()

    def get_high_score(self):
        """Get the highest score from the high scores list."""
        if self.high_scores:
            return self.high_scores[0]["score"]
        return 0

    def display_high_scores(self, screen, font):
        """Display high scores on the screen."""
        y_offset = 50
        font_size = 24
        line_height = font_size + 10
        header_text = font.render("High Scores:", True, (255, 255, 255))
        screen.blit(header_text, (10, y_offset))
        y_offset += line_height

        for idx, entry in enumerate(self.high_scores):
            text = font.render(f"{idx+1}. Score: {entry['score']} Date: {entry['date']}", True, (255, 255, 255))
            screen.blit(text, (10, y_offset))
            y_offset += line_height

# Example usage in the main game loop
def main_loop(stats):
    global current_state, running
    running = True
    player = Player()
    player.rect.x = 400
    player.rect.y = 500

    while running:
        for event in pygame.event.get():
            if event.type == pygame.QUIT:
                running = False

        screen.fill(BLACK)

        if current_state == MENU:
            pass  # Placeholder for menu actions

        if current_state == PLAYING:
            player.move()
            screen.blit(player.image, player.rect.topleft)
            player_score_display = font.render(f"Score: {stats.current_score}", True, WHITE)
            screen.blit(player_score_display, (10, 10))

        if current_state == GAME_OVER:
            if stats.current_score > stats.get_high_score():
                stats.add_high_score(stats.current_score, datetime.now())
            pass  # Placeholder for game over actions

        pygame.display.flip()
        clock.tick(FPS)

    # Cleanup
    pygame.quit()
    sys.exit()

# Initialize game stats
stats = GameStats()

# Initialize Pygame and start the main loop
pygame.init()
SCREEN_WIDTH, SCREEN_HEIGHT = 800, 600
screen = pygame.display.set_mode((SCREEN_WIDTH, SCREEN_HEIGHT))
pygame.display.set_caption("Platformer Game")
font = pygame.font.Font(None, 36)
clock = pygame.time.Clock()
current_state = PLAYING

# Start the main loop
initialize_game()
main_loop(stats)

📎 📎 📎 📎 📎 
WriteCodeTool Instructions: Create the main Python file that integrates all game components (player, enemies, items, and stats). The code should:

1. Import all necessary modules (game.py, enemy.py, items.py, stats.py)
2. Initialize the game window and game states
3. Create the main game loop that handles:
   - Game state management (Menu, Playing, Game Over)
   - Event handling
   - Player movement and collision detection
   - Enemy spawning and management
   - Item/power-up management
   - Statistics tracking and display
4. Include a menu system
5. Handle game over conditions
6. Implement proper cleanup on exit

The main.py file should be the entry point of the game and coordinate all the game components.

📎 📎 📎 📎 📎 
WriteCodeTool completed: Command: write_code_to_file
Status: success
Project Path: C:\mygit\Slazy\repo\pygamedemo
Filename: main.py
Code:
# filepath: C:\mygit\Slazy\repo\pygamedemo\main.py

# Import necessary modules
import pygame
import sys
from game import initialize_game, Player, MENU, PLAYING, GAME_OVER, screen, clock
from enemy import Enemy, WalkingEnemy, FlyingEnemy, create_enemy_group
from items import Item, SpeedBoost, JumpBoost, Invincibility, create_power_up_group
from stats import GameStats

# Initialize game window and states
pygame.init()
SCREEN_WIDTH, SCREEN_HEIGHT = 800, 600
screen = pygame.display.set_mode((SCREEN_WIDTH, SCREEN_HEIGHT))
pygame.display.set_caption("Platformer Game")
font = pygame.font.Font(None, 36)
clock = pygame.time.Clock()
current_state = MENU

# Initialize game components
initialize_game()
stats = GameStats()

# Function to draw text on the screen
def draw_text(text, font, color, surface, x, y):
    textobj = font.render(text, 1, color)
    textrect = textobj.get_rect()
    textrect.topleft = (x, y)
    surface.blit(textobj, textrect)

# Main game loop
run = True
while run:
    clock.tick(60)

    # Event handling
    for event in pygame.event.get():
        if event.type == pygame.QUIT:
            run = False
        if current_state == MENU:
            if event.type == pygame.KEYDOWN:
                if event.key == pygame.K_SPACE:
                    current_state = PLAYING
        elif current_state == GAME_OVER:
            if event.type == pygame.KEYDOWN:
                if event.key == pygame.K_SPACE:
                    initialize_game()
                    current_state = PLAYING
                    stats.current_score = 0

    # Menu
    if current_state == MENU:
        draw_text('Press SPACE to start', font, (255, 255, 255), screen, 250, 275)
        stats.display_high_scores(screen, font)

    # Playing state
    if current_state == PLAYING:
        # Player actions
        player = pygame.sprite.GroupSingle(Player())
        player.update()

        # Player drawing
        screen.fill(BLACK)
        player.draw(screen)
        player_score_display = font.render(f"Score: {stats.current_score}", True, (255, 255, 255))
        screen.blit(player_score_display, (10, 10))

        # Enemy actions
        enemies = create_enemy_group()
        enemies.update()

        # Enemies drawing
        for enemy in enemies:
            screen.blit(enemy.image, enemy.rect.topleft)

        # Items management
        items = create_power_up_group()
        items.update()
        for sprite in pygame.sprite.groupcollide(player, items, dokilla=False, dokillb=False, collided=pygame.sprite.collide_rect):
            spr_type = sprite.__class__.__name__
            if spr_type == 'SpeedBoost' or spr_type == 'JumpBoost' or spr_type == 'Invincibility':
                sprite.apply_effect(player.sprite)

        for item in items:
            screen.blit(item.image, item.rect.topleft)

        # Check game-over condition (for demonstration, let's assume falling off screen ends the game)
        if not player.sprite.rect.colliderect(pygame.Rect(0, 0, SCREEN_WIDTH, SCREEN_HEIGHT)):
            stats.current_score = 0
            current_state = GAME_OVER

    # Game Over
    if current_state == GAME_OVER:
        draw_text('Game Over! Press SPACE to play again', font, (255, 255, 255), screen, 250, 275)

    # Update display
    pygame.display.flip()

# Clean up
pygame.quit()
sys.exit()

📎 📎 📎 📎 📎 
WriteCodeTool Instructions: Update the game.py file to include:

1. All necessary pygame imports
2. Game state constants
3. Enhanced Player class with:
   - Proper movement physics
   - Animation states
   - Attack mechanics
   - Power-up handling
   - Collision detection
4. Platform class for level design
5. Game initialization function
6. Color constants and game settings
7. Remove any screen/clock initialization (moved to main.py)

The Player class should have proper physics for a platformer game including gravity, jumping mechanics, and smooth movement.

📎 📎 📎 📎 📎 
WriteCodeTool completed: Command: write_code_to_file
Status: success
Project Path: C:\mygit\Slazy\repo\pygamedemo
Filename: game.py
Code:
# game.py

import pygame
import sys

# Game state constants
MENU = "menu"
PLAYING = "playing"
GAME_OVER = "game_over"

# Color constants
BLACK = (0, 0, 0)
WHITE = (255, 255, 255)
RED = (255, 0, 0)

class Player(pygame.sprite.Sprite):
    def __init__(self, x, y):
        super().__init__()
        self.image = pygame.Surface((50, 50))
        self.image.fill(RED)  # Using red color for the player for now
        self.rect = self.image.get_rect()
        self.rect.x = x 
        self.rect.y = y 

        # Movement attributes
        self.velocity = [0, 0]
        self.acceleration = pygame.math.Vector2(0, 0.5)
        self.is_jumping = False
        self.is_falling = False
        self.ground_y = y

        # Animation and attack variables (placeholder)
        self.animation_index = 0
        self.attack_active = False

    def move_left(self):
        self.velocity[0] = -5

    def move_right(self):
        self.velocity[0] = 5

    def stop_moving(self):
        self.velocity[0] = 0

    def jump(self):
        if not self.is_jumping and not self.is_falling:
            self.velocity[1] = -10
            self.is_jumping = True
            self.is_falling = False

    def handle_physics(self):
        self.velocity[1] += self.acceleration.y

        # Ground collision detection
        if self.rect.bottom >= self.ground_y:
            self.rect.bottom = self.ground_y
            self.velocity[1] = 0
            self.is_jumping = False
            self.is_falling = False
        else:
            if self.velocity[1] > 0:
                self.is_falling = True
            else:
                self.is_jumping = True

        self.rect.x += self.velocity[0]
        self.rect.y += self.velocity[1]

    def animate(self):
        self.animation_index += 1

    def update(self):
        self.handle_physics()
        self.animate()

def initialize_game():
    global player
    player = Player(400, 500)

def main_loop(screen, clock):
    global current_state, running
    running = True
    player = Player(400, 500)

    while running:
        for event in pygame.event.get():
            if event.type == pygame.QUIT:
                running = False

            if current_state == PLAYING:
                keys = pygame.key.get_pressed()
                if keys[pygame.K_LEFT]:
                    player.move_left()
                elif keys[pygame.K_RIGHT]:
                    player.move_right()
                else:
                    player.stop_moving()

                if keys[pygame.K_SPACE]:
                    player.jump()

        if current_state == PLAYING:
            screen.fill(BLACK)
            player.update()
            screen.blit(player.image, player.rect.topleft)

        pygame.display.flip()
        clock.tick(60)

    pygame.quit()
    sys.exit()

initialize_game()

📎 📎 📎 📎 📎 
WriteCodeTool Instructions: Update game.py to include:

1. Platform class for creating game levels
2. Level design system
3. Enhanced Player class with platform collision
4. Power-up effects
5. Attack mechanics
6. Screen boundaries handling

The code should be properly organized with the following components:
- Game constants and settings
- Platform class
- Enhanced Player class
- Level generation
- Collision detection between player and platforms

📎 📎 📎 📎 📎 
WriteCodeTool error: unterminated string literal (detected at line 255) (write_code.py, line 255)

📎 📎 📎 📎 📎 
WriteCodeTool Instructions: Create a Python game file with:

1. All necessary imports (pygame, sys, random)
2. Game constants and settings (screen dimensions, colors, physics)
3. Platform class for level design
4. Enhanced Player class with complete mechanics
5. Level generation system
6. Collision detection system

The code should implement a proper platformer physics system with:
- Platform collision from all sides
- Smooth player movement and jumping
- Power-up effects
- Attack mechanics
- Screen boundary handling
- Level design capabilities

📎 📎 📎 📎 📎 
WriteCodeTool error: unterminated string literal (detected at line 255) (write_code.py, line 255)

📎 📎 📎 📎 📎 
WriteCodeTool Instructions: Python file for a platformer game with the following structure:
1. Imports: pygame, sys, random, math
2. Constants for screen size, colors, physics settings
3. Platform class for creating solid objects
4. Player class with complete movement system
5. Level generation system
6. Power-up system
7. Collision detection

The code needs to handle:
- Platform collision detection (top, bottom, left, right)
- Player physics (gravity, jumping, running)
- Power-up effects (speed boost, jump boost, invincibility)
- Attack mechanics
- Level design with platforms
- Screen boundaries
- Game state management

📎 📎 📎 📎 📎 
WriteCodeTool error: unterminated string literal (detected at line 255) (write_code.py, line 255)

📎 📎 📎 📎 📎 
WriteCodeTool Instructions: Create a Pygame platformer engine with:
1. Required imports
2. Game constants and physics settings
3. Platform and Player classes with complete functionality
4. Level generation and collision systems

The file should be organized as follows:
- Import statements at the top
- Constants and settings section
- Platform class definition
- Player class with full physics and power-ups
- Level generation functions
- Game initialization function
- Main game logic functions

📎 📎 📎 📎 📎 
WriteCodeTool error: unterminated string literal (detected at line 255) (write_code.py, line 255)

📎 📎 📎 📎 📎 
WriteCodeTool Instructions: Create a Python file for a platformer game engine that includes:

The following imports:
import pygame
import sys
import random
import math

Game constants for:
- Screen dimensions (800x600)
- Physics (gravity, jump strength, movement speed)
- Colors
- Game states

Classes:
1. Platform class for solid objects in the game world
2. Player class with:
   - Movement physics
   - Collision detection
   - Power-up handling
   - Animation states
   - Attack mechanics

Level generation:
- Platform placement
- Level layout system
- Scrolling background

The code should implement proper collision detection and physics for a platformer game.

📎 📎 📎 📎 📎 
WriteCodeTool error: unterminated string literal (detected at line 255) (write_code.py, line 255)

📎 📎 📎 📎 📎 
WriteCodeTool Instructions: Create a complete Pygame platformer engine with:

1. Required imports and initialization:
import pygame
import sys
import random
import math

2. Game constants and settings for:
- Screen size (800x600)
- Colors (BLACK, WHITE, RED, GREEN, BLUE)
- Physics (GRAVITY = 0.8, JUMP_SPEED = -15, MOVE_SPEED = 5)
- Game states (MENU, PLAYING, GAME_OVER)

3. Classes:
- Platform class for level design
- Player class with full movement mechanics
- Level class for managing game world

The code should include detailed implementation of collision detection, physics, power-ups, and proper game loop structure. All classes should be fully documented with comments.

📎 📎 📎 📎 📎 
WriteCodeTool error: unterminated string literal (detected at line 255) (write_code.py, line 255)

📎 📎 📎 📎 📎 
WriteCodeTool Instructions: Create a file game.py with:

1. Required imports
2. Game constants and settings
3. Three main classes: Platform, Player, and Level
4. Game state management and initialization

The code should be structured as follows:
```python
import pygame
import sys
import random
import math

# Constants and Settings
SCREEN_WIDTH = 800
SCREEN_HEIGHT = 600
GRAVITY = 0.8
JUMP_SPEED = -15
MOVE_SPEED = 5

# Colors
BLACK = (0, 0, 0)
WHITE = (255, 255, 255)
RED = (255, 0, 0)
GREEN = (0, 255, 0)
BLUE = (0, 0, 255)

# Game States
MENU = "menu"
PLAYING = "playing"
GAME_OVER = "game_over"

Then include the Platform, Player, and Level classes with complete implementation of movement, collision detection, and game mechanics.

📎 📎 📎 📎 📎 
WriteCodeTool error: unterminated string literal (detected at line 255) (write_code.py, line 255)

📎 📎 📎 📎 📎 
WriteCodeTool Instructions: Create a complete platformer game file with:

1. Required imports and constants as specified
2. Platform, Player, and Level classes
3. Full game mechanics implementation

The code should include:
- Proper physics and collision detection
- Power-up system
- Level generation
- Game state management

Using this specific structure and implementation:
```python
import pygame
import sys
import random
import math

# Constants and Settings
SCREEN_WIDTH = 800
SCREEN_HEIGHT = 600
GRAVITY = 0.8
JUMP_SPEED = -15
MOVE_SPEED = 5

# Colors
BLACK = (0, 0, 0)
WHITE = (255, 255, 255)
RED = (255, 0, 0)
GREEN = (0, 255, 0)
BLUE = (0, 0, 255)

# Game States
MENU = "menu"
PLAYING = "playing"
GAME_OVER = "game_over"

# Platform class for creating solid objects in the game
class Platform(pygame.sprite.Sprite):
    def __init__(self, x, y, width, height):
        super().__init__()
        self.image = pygame.Surface([width, height])
        self.image.fill(GREEN)
        self.rect = self.image.get_rect()
        self.rect.x = x
        self.rect.y = y

# Player class with complete movement mechanics
class Player(pygame.sprite.Sprite):
    def __init__(self, x, y):
        super().__init__()
        self.image = pygame.Surface([40, 60])
        self.image.fill(RED)
        self.rect = self.image.get_rect()
        self.rect.x = x
        self.rect.y = y
        self.velocity_x = 0
        self.velocity_y = 0
        self.on_ground = False
        self.jumping = False
        self.facing_right = True
        self.speed_multiplier = 1
        self.invincible = False
        
    def move(self, platforms):
        # Update position based on velocity
        self.rect.x += self.velocity_x
        
        # Handle platform collisions for x-axis
        for platform in platforms:
            if self.rect.colliderect(platform.rect):
                if self.velocity_x > 0:
                    self.rect.right = platform.rect.left
                elif self.velocity_x < 0:
                    self.rect.left = platform.rect.right
        
        # Apply gravity
        self.velocity_y += GRAVITY
        self.rect.y += self.velocity_y
        
        # Handle platform collisions for y-axis
        self.on_ground = False
        for platform in platforms:
            if self.rect.colliderect(platform.rect):
                if self.velocity_y > 0:
                    self.rect.bottom = platform.rect.top
                    self.velocity_y = 0
                    self.on_ground = True
                    self.jumping = False
                elif self.velocity_y < 0:
                    self.rect.top = platform.rect.bottom
                    self.velocity_y = 0

    def jump(self):
        if self.on_ground and not self.jumping:
            self.velocity_y = JUMP_SPEED
            self.jumping = True
            self.on_ground = False

    def update(self, platforms):
        # Handle keyboard input
        keys = pygame.key.get_pressed()
        
        if keys[pygame.K_LEFT]:
            self.velocity_x = -MOVE_SPEED * self.speed_multiplier
            self.facing_right = False
        elif keys[pygame.K_RIGHT]:
            self.velocity_x = MOVE_SPEED * self.speed_multiplier
            self.facing_right = True
        else:
            self.velocity_x = 0
            
        if keys[pygame.K_SPACE]:
            self.jump()
            
        self.move(platforms)
        
        # Keep player on screen
        if self.rect.left < 0:
            self.rect.left = 0
        elif self.rect.right > SCREEN_WIDTH:
            self.rect.right = SCREEN_WIDTH
            
        if self.rect.top < 0:
            self.rect.top = 0

# Level class for managing the game world
class Level:
    def __init__(self):
        self.platform_list = pygame.sprite.Group()
        self.player = None
        self.world_shift = 0
        self.generate_level()
        
    def generate_level(self):
        # Create ground
        ground = Platform(0, SCREEN_HEIGHT - 40, SCREEN_WIDTH, 40)
        self.platform_list.add(ground)
        
        # Create some platforms
        platforms = [
            (300, 400, 200, 20),
            (100, 300, 200, 20),
            (500, 200, 200, 20),
        ]
        
        for x, y, width, height in platforms:
            platform = Platform(x, y, width, height)
            self.platform_list.add(platform)
            
    def update(self):
        self.platform_list.update()
        
    def draw(self, screen):
        screen.fill(BLACK)
        self.platform_list.draw(screen)

# Initialize game function
def initialize_game():
    global current_level, player
    current_level = Level()
    player = Player(400, 300)

# Main game loop function
def main_loop(screen, clock):
    global current_state, running
    running = True
    
    while running:
        clock.tick(60)
        
        for event in pygame.event.get():
            if event.type == pygame.QUIT:
                running = False
                
        if current_state == PLAYING:
            player.update(current_level.platform_list)
            current_level.update()
            
            # Draw everything
            current_level.draw(screen)
            screen.blit(player.image, player.rect)
            
        pygame.display.flip()
        
    pygame.quit()
    sys.exit()
```

📎 📎 📎 📎 📎 
WriteCodeTool error: unterminated string literal (detected at line 255) (write_code.py, line 255)

📎 📎 📎 📎 📎 
WriteCodeTool Instructions: Create a simplified main.py that initializes and runs the game:

The code should:
1. Import the necessary components from game.py
2. Initialize pygame and create the game window
3. Set up the game loop
4. Handle game states
5. Call appropriate update and draw functions

The structure should be clean and simple to ensure everything works properly.

📎 📎 📎 📎 📎 
WriteCodeTool error: unterminated string literal (detected at line 255) (write_code.py, line 255)

📎 📎 📎 📎 📎 
WriteCodeTool Instructions: Create the game engine file (game.py) that includes all game mechanics but leaves initialization and main loop to main.py:

```python
import pygame
import sys
import random
import math

# Game constants and settings
SCREEN_WIDTH = 800
SCREEN_HEIGHT = 600
GRAVITY = 0.8
JUMP_SPEED = -15
MOVE_SPEED = 5

# Colors
BLACK = (0, 0, 0)
WHITE = (255, 255, 255)
RED = (255, 0, 0)
GREEN = (0, 255, 0)
BLUE = (0, 0, 255)

# Game states
MENU = "menu"
PLAYING = "playing"
GAME_OVER = "game_over"

# Classes for game objects
class Platform, Player, and Level with all their methods

# No initialization or main loop here - those will be in main.py

📎 📎 📎 📎 📎 
WriteCodeTool error: unterminated string literal (detected at line 255) (write_code.py, line 255)

📎 📎 📎 📎 📎 
WriteCodeTool Instructions: Create a complete game engine file that contains all game mechanics and classes but no initialization or main loop:

```python
import pygame
import sys
import random
import math

# Game constants and settings
SCREEN_WIDTH = 800
SCREEN_HEIGHT = 600
GRAVITY = 0.8
JUMP_SPEED = -15
MOVE_SPEED = 5
FPS = 60

# Colors
BLACK = (0, 0, 0)
WHITE = (255, 255, 255)
RED = (255, 0, 0)
GREEN = (0, 255, 0)
BLUE = (0, 0, 255)

# Game states
MENU = "menu"
PLAYING = "playing"
GAME_OVER = "game_over"

class Platform(pygame.sprite.Sprite):
    def __init__(self, x, y, width, height):
        super().__init__()
        self.image = pygame.Surface([width, height])
        self.image.fill(GREEN)
        self.rect = self.image.get_rect()
        self.rect.x = x
        self.rect.y = y

class Player(pygame.sprite.Sprite):
    def __init__(self, x, y):
        super().__init__()
        self.image = pygame.Surface([40, 60])
        self.image.fill(RED)
        self.rect = self.image.get_rect()
        self.rect.x = x
        self.rect.y = y
        self.velocity_x = 0
        self.velocity_y = 0
        self.on_ground = False
        self.jumping = False
        self.facing_right = True
        self.speed_multiplier = 1
        self.invincible = False
        
    def move(self, platforms):
        # Update position based on velocity
        self.rect.x += self.velocity_x
        
        # Handle platform collisions for x-axis
        for platform in platforms:
            if self.rect.colliderect(platform.rect):
                if self.velocity_x > 0:
                    self.rect.right = platform.rect.left
                elif self.velocity_x < 0:
                    self.rect.left = platform.rect.right
        
        # Apply gravity
        self.velocity_y += GRAVITY
        self.rect.y += self.velocity_y
        
        # Handle platform collisions for y-axis
        self.on_ground = False
        for platform in platforms:
            if self.rect.colliderect(platform.rect):
                if self.velocity_y > 0:
                    self.rect.bottom = platform.rect.top
                    self.velocity_y = 0
                    self.on_ground = True
                    self.jumping = False
                elif self.velocity_y < 0:
                    self.rect.top = platform.rect.bottom
                    self.velocity_y = 0

    def jump(self):
        if self.on_ground and not self.jumping:
            self.velocity_y = JUMP_SPEED
            self.jumping = True
            self.on_ground = False

    def update(self, platforms):
        keys = pygame.key.get_pressed()
        
        if keys[pygame.K_LEFT]:
            self.velocity_x = -MOVE_SPEED * self.speed_multiplier
            self.facing_right = False
        elif keys[pygame.K_RIGHT]:
            self.velocity_x = MOVE_SPEED * self.speed_multiplier
            self.facing_right = True
        else:
            self.velocity_x = 0
            
        if keys[pygame.K_SPACE]:
            self.jump()
            
        self.move(platforms)
        
        # Keep player on screen
        if self.rect.left < 0:
            self.rect.left = 0
        elif self.rect.right > SCREEN_WIDTH:
            self.rect.right = SCREEN_WIDTH
            
        if self.rect.top < 0:
            self.rect.top = 0

class Level:
    def __init__(self):
        self.platform_list = pygame.sprite.Group()
        self.player = None
        self.world_shift = 0
        self.generate_level()
        
    def generate_level(self):
        # Create ground
        ground = Platform(0, SCREEN_HEIGHT - 40, SCREEN_WIDTH, 40)
        self.platform_list.add(ground)
        
        # Create platforms
        platforms = [
            (300, 400, 200, 20),
            (100, 300, 200, 20),
            (500, 200, 200, 20),
        ]
        
        for x, y, width, height in platforms:
            platform = Platform(x, y, width, height)
            self.platform_list.add(platform)
            
    def update(self):
        self.platform_list.update()
        
    def draw(self, screen):
        screen.fill(BLACK)
        self.platform_list.draw(screen)

class Game:
    def __init__(self):
        self.current_state = MENU
        self.level = None
        self.player = None
        
    def initialize(self):
        self.level = Level()
        self.player = Player(400, 300)
        self.current_state = MENU
        
    def handle_events(self, events):
        for event in events:
            if event.type == pygame.KEYDOWN:
                if self.current_state == MENU and event.key == pygame.K_SPACE:
                    self.current_state = PLAYING
                elif self.current_state == GAME_OVER and event.key == pygame.K_SPACE:
                    self.initialize()
                    self.current_state = PLAYING
                    
    def update(self):
        if self.current_state == PLAYING:
            self.player.update(self.level.platform_list)
            self.level.update()
            
            # Check for game over condition
            if self.player.rect.top > SCREEN_HEIGHT:
                self.current_state = GAME_OVER
                
    def draw(self, screen):
        if self.current_state == MENU:
            screen.fill(BLACK)
            self.draw_text(screen, 'Press SPACE to start', 48, WHITE, SCREEN_WIDTH // 2, SCREEN_HEIGHT // 2)
        elif self.current_state == PLAYING:
            self.level.draw(screen)
            screen.blit(self.player.image, self.player.rect)
        elif self.current_state == GAME_OVER:
            screen.fill(BLACK)
            self.draw_text(screen, 'GAME OVER - Press SPACE to restart', 48, WHITE, SCREEN_WIDTH // 2, SCREEN_HEIGHT // 2)
            
    def draw_text(self, screen, text, size, color, x, y):
        font = pygame.font.Font(None, size)
        text_surface = font.render(text, True, color)
        text_rect = text_surface.get_rect()
        text_rect.center = (x, y)
        screen.blit(text_surface, text_rect)```

📎 📎 📎 📎 📎 
WriteCodeTool error: unterminated string literal (detected at line 255) (write_code.py, line 255)

📎 📎 📎 📎 📎 
WriteCodeTool Instructions: Create a simple main file that initializes and runs the game using our game engine:

```python
import pygame
import sys
from game import Game, SCREEN_WIDTH, SCREEN_HEIGHT, FPS

def main():
    # Initialize Pygame
    pygame.init()
    
    # Set up the game window
    screen = pygame.display.set_mode((SCREEN_WIDTH, SCREEN_HEIGHT))
    pygame.display.set_caption("Super Plumber Adventure")
    
    # Create clock for controlling FPS
    clock = pygame.time.Clock()
    
    # Create and initialize the game
    game = Game()
    game.initialize()
    
    # Main game loop
    running = True
    while running:
        # Handle events
        events = pygame.event.get()
        for event in events:
            if event.type == pygame.QUIT:
                running = False
                
        # Let the game handle its own events
        game.handle_events(events)
        
        # Update game state
        game.update()
        
        # Draw everything
        game.draw(screen)
        
        # Update display
        pygame.display.flip()
        
        # Control frame rate
        clock.tick(FPS)
    
    # Clean up
    pygame.quit()
    sys.exit()

if __name__ == "__main__":
    main()

📎 📎 📎 📎 📎 
WriteCodeTool error: unterminated string literal (detected at line 255) (write_code.py, line 255)

📎 📎 📎 📎 📎 
WriteCodeTool Instructions: Create a Python file for enemy management that includes:

1. Base Enemy class
2. Different enemy types (walking, flying)
3. Enemy movement patterns
4. Collision handling

The code should integrate with our existing game engine:

```python
import pygame
import random
from game import SCREEN_WIDTH, SCREEN_HEIGHT

class Enemy(pygame.sprite.Sprite):
    def __init__(self, x, y, width=30, height=30):
        super().__init__()
        self.image = pygame.Surface([width, height])
        self.image.fill((255, 0, 0))  # Red color for enemies
        self.rect = self.image.get_rect()
        self.rect.x = x
        self.rect.y = y
        self.speed = 2
        self.direction = 1  # 1 for right, -1 for left
        
    def update(self):
        self.move()
        
    def move(self):
        pass  # Implemented by subclasses

class WalkingEnemy(Enemy):
    def __init__(self, x, y):
        super().__init__(x, y, 30, 30)
        self.image.fill((200, 0, 0))  # Darker red for walking enemies
        
    def move(self):
        self.rect.x += self.speed * self.direction
        # Change direction when reaching screen boundaries
        if self.rect.right > SCREEN_WIDTH or self.rect.left < 0:
            self.direction *= -1

class FlyingEnemy(Enemy):
    def __init__(self, x, y):
        super().__init__(x, y, 30, 30)
        self.image.fill((255, 0, 100))  # Pink for flying enemies
        self.vertical_speed = 1
        self.start_y = y
        self.amplitude = 100  # How far up and down it moves
        
    def move(self):
        self.rect.x += self.speed * self.direction
        # Vertical sinusoidal movement
        self.rect.y = self.start_y + math.sin(self.rect.x / 50) * self.amplitude
        
        # Change direction when reaching screen boundaries
        if self.rect.right > SCREEN_WIDTH or self.rect.left < 0:
            self.direction *= -1

def create_enemy_group():
    enemies = pygame.sprite.Group()
    # Create some walking enemies
    for i in range(3):
        x = random.randint(100, SCREEN_WIDTH - 100)
        y = random.randint(100, SCREEN_HEIGHT - 100)
        enemy = WalkingEnemy(x, y)
        enemies.add(enemy)
    
    # Create some flying enemies
    for i in range(2):
        x = random.randint(100, SCREEN_WIDTH - 100)
        y = random.randint(100, SCREEN_HEIGHT - 200)
        enemy = FlyingEnemy(x, y)
        enemies.add(enemy)
    
    return enemies

📎 📎 📎 📎 📎 
WriteCodeTool error: unterminated string literal (detected at line 255) (write_code.py, line 255)

📎 📎 📎 📎 📎 
WriteCodeTool Instructions: Create a Python file for power-up management that includes:

1. Base PowerUp class
2. Different power-up types (speed boost, jump boost, invincibility)
3. Power-up effects and duration management
4. Collection handling

```python
import pygame
import random
from game import SCREEN_WIDTH, SCREEN_HEIGHT

class PowerUp(pygame.sprite.Sprite):
    def __init__(self, x, y, width=20, height=20):
        super().__init__()
        self.image = pygame.Surface([width, height])
        self.image.fill((255, 255, 0))  # Yellow color for power-ups
        self.rect = self.image.get_rect()
        self.rect.x = x
        self.rect.y = y
        self.duration = 5000  # Duration in milliseconds (5 seconds)
        self.start_time = None
        
    def apply_effect(self, player):
        self.start_time = pygame.time.get_ticks()
        
    def remove_effect(self, player):
        pass
        
    def is_active(self):
        if self.start_time is None:
            return False
        return pygame.time.get_ticks() - self.start_time < self.duration

class SpeedBoost(PowerUp):
    def __init__(self, x, y):
        super().__init__(x, y)
        self.image.fill((0, 255, 255))  # Cyan for speed boost
        self.speed_multiplier = 1.5
        
    def apply_effect(self, player):
        super().apply_effect(player)
        player.speed *= self.speed_multiplier
        
    def remove_effect(self, player):
        player.speed /= self.speed_multiplier

class JumpBoost(PowerUp):
    def __init__(self, x, y):
        super().__init__(x, y)
        self.image.fill((255, 0, 255))  # Magenta for jump boost
        self.jump_multiplier = 1.5
        
    def apply_effect(self, player):
        super().apply_effect(player)
        player.jump_power *= self.jump_multiplier
        
    def remove_effect(self, player):
        player.jump_power /= self.jump_multiplier

class Invincibility(PowerUp):
    def __init__(self, x, y):
        super().__init__(x, y)
        self.image.fill((255, 215, 0))  # Gold for invincibility
        
    def apply_effect(self, player):
        super().apply_effect(player)
        player.is_invincible = True
        
    def remove_effect(self, player):
        player.is_invincible = False

def create_powerup_group():
    powerups = pygame.sprite.Group()
    powerup_types = [SpeedBoost, JumpBoost, Invincibility]
    
    # Create random power-ups
    for i in range(3):
        x = random.randint(100, SCREEN_WIDTH - 100)
        y = random.randint(100, SCREEN_HEIGHT - 100)
        powerup_class = random.choice(powerup_types)
        powerup = powerup_class(x, y)
        powerups.add(powerup)
    
    return powerups

def check_powerups(player, powerups):
    # Check for powerup collection
    collisions = pygame.sprite.spritecollide(player, powerups, True)
    for powerup in collisions:
        powerup.apply_effect(player)
        player.active_powerups.append(powerup)
    
    # Update active powerups
    expired_powerups = []
    for powerup in player.active_powerups:
        if not powerup.is_active():
            powerup.remove_effect(player)
            expired_powerups.append(powerup)
    
    # Remove expired powerups
    for powerup in expired_powerups:
        player.active_powerups.remove(powerup)

📎 📎 📎 📎 📎 
WriteCodeTool error: unterminated string literal (detected at line 255) (write_code.py, line 255)

📎 📎 📎 📎 📎 
WriteCodeTool Instructions: Create a Python file for game statistics tracking that includes:

1. Score tracking
2. High scores management
3. Player performance metrics
4. Data persistence using JSON

```python
import json
import os
from datetime import datetime

class GameStats:
    def __init__(self):
        self.stats_file = "game_stats.json"
        self.current_stats = {
            "score": 0,
            "coins_collected": 0,
            "enemies_defeated": 0,
            "powerups_collected": 0,
            "distance_traveled": 0,
            "jumps_made": 0,
            "time_played": 0,
            "game_overs": 0
        }
        self.high_scores = []
        self.session_start = datetime.now()
        self.load_stats()

    def load_stats(self):
        """Load statistics from JSON file"""
        try:
            if os.path.exists(self.stats_file):
                with open(self.stats_file, 'r') as f:
                    data = json.load(f)
                    self.high_scores = data.get('high_scores', [])
        except Exception as e:
            print(f"Error loading stats: {e}")
            self.high_scores = []

    def save_stats(self):
        """Save current statistics to JSON file"""
        try:
            data = {
                'high_scores': self.high_scores
            }
            with open(self.stats_file, 'w') as f:
                json.dump(data, f, indent=4)
        except Exception as e:
            print(f"Error saving stats: {e}")

    def update_score(self, points):
        """Update current score"""
        self.current_stats["score"] += points

    def add_coin(self):
        """Track collected coins"""
        self.current_stats["coins_collected"] += 1
        self.update_score(100)  # Each coin worth 100 points

    def defeat_enemy(self):
        """Track defeated enemies"""
        self.current_stats["enemies_defeated"] += 1
        self.update_score(200)  # Each enemy worth 200 points

    def collect_powerup(self):
        """Track collected power-ups"""
        self.current_stats["powerups_collected"] += 1
        self.update_score(150)  # Each power-up worth 150 points

    def add_distance(self, distance):
        """Track distance traveled"""
        self.current_stats["distance_traveled"] += distance

    def add_jump(self):
        """Track number of jumps"""
        self.current_stats["jumps_made"] += 1

    def update_time_played(self):
        """Update total time played"""
        current_time = datetime.now()
        delta = current_time - self.session_start
        self.current_stats["time_played"] = delta.total_seconds()

    def game_over(self):
        """Handle game over statistics"""
        self.current_stats["game_overs"] += 1
        self.update_time_played()
        
        # Add to high scores if qualified
        score_entry = {
            "score": self.current_stats["score"],
            "date": datetime.now().strftime("%Y-%m-%d %H:%M:%S"),
            "coins": self.current_stats["coins_collected"],
            "enemies": self.current_stats["enemies_defeated"],
            "time": self.current_stats["time_played"]
        }
        
        self.high_scores.append(score_entry)
        self.high_scores.sort(key=lambda x: x["score"], reverse=True)
        self.high_scores = self.high_scores[:10]  # Keep only top 10
        self.save_stats()

    def reset_current_stats(self):
        """Reset current game statistics"""
        for key in self.current_stats:
            self.current_stats[key] = 0
        self.session_start = datetime.now()

    def get_formatted_stats(self):
        """Get formatted current statistics for display"""
        return {
            "Score": self.current_stats["score"],
            "Coins": self.current_stats["coins_collected"],
            "Enemies": self.current_stats["enemies_defeated"],
            "Power-ups": self.current_stats["powerups_collected"],
            "Distance": f"{self.current_stats['distance_traveled']:.1f}m",
            "Jumps": self.current_stats["jumps_made"],
            "Time": f"{self.current_stats['time_played']:.1f}s"
        }

    def render_stats(self, screen, font, x, y, spacing=30):
        """Render current statistics on the game screen"""
        stats = self.get_formatted_stats()
        y_pos = y
        for key, value in stats.items():
            text = font.render(f"{key}: {value}", True, (255, 255, 255))
            screen.blit(text, (x, y_pos))
            y_pos += spacing

    def render_high_scores(self, screen, font, x, y, spacing=30):
        """Render high scores on the game screen"""
        title = font.render("High Scores:", True, (255, 255, 255))
        screen.blit(title, (x, y))
        y_pos = y + spacing
        
        for i, score in enumerate(self.high_scores[:5], 1):
            text = font.render(
                f"{i}. {score['score']} pts - {score['date']}", 
                True, 
                (255, 255, 255)
            )
            screen.blit(text, (x, y_pos))
            y_pos += spacing

