📎 📎 📎 📎 📎 
ProjectSetupTool executing command: setup_project in python environment

📎 📎 📎 📎 📎 
ProjectSetupTool completed: Command: setup_project
Status: success
Project Path: C:\mygit\Slazy\repo\iq
Packages Installed:

📎 📎 📎 📎 📎 
WriteCodeTool Instructions: Create a Python script that generates an IQ test for an 11-year-old child. The script should:

1. Define a class called IQTest that will contain:
   - Questions organized by categories (verbal, logical, spatial, quantitative)
   - Multiple choice answers for each question
   - Answer key with explanations
   
2. The script should include:
   - A function to display the test questions with proper formatting
   - A function to display the answer key
   - Main execution block to generate both test and answers

3. The test should include:
   - 12 questions total (3 from each category)
   - Age-appropriate content
   - Clear formatting with proper spacing
   - Multiple choice options (A through D)

The output should be formatted with clear sections, numbered questions, and proper spacing.

📎 📎 📎 📎 📎 
WriteCodeTool error: 'str' object has no attribute 'choices'

📎 📎 📎 📎 📎 
EditTool executing command: view on path: C:\mygit\Slazy\repo\iq\iq_test.py

📎 📎 📎 📎 📎 
EditTool error: Ran into [Errno 2] No such file or directory: 'C:\\mygit\\Slazy\\repo\\iq\\iq_test.py' while trying to read C:\mygit\Slazy\repo\iq\iq_test.py

📎 📎 📎 📎 📎 
EditTool executing command: create on path: C:\mygit\Slazy\repo\iq\iq_test.py

📎 📎 📎 📎 📎 
ProjectSetupTool executing command: run_app in python environment

📎 📎 📎 📎 📎 
ProjectSetupTool completed: Command: run_app
Status: error
Project Path: C:\mygit\Slazy\repo\iq

Errors:
Failed to run app: Command '['uv', 'run', 'iq_test.py']' returned non-zero exit status 1.
Output: ================================================================================
                            IQ TEST FOR 11-YEAR-OLDS                            
================================================================================

Instructions:
- Read each question carefully
- Choose the best answer from the options given
- Take your time and think about each question

--------------------------------------------------------------------------------

VERBAL REASONING
--------------------------------------------------------------------------------

1. Complete the analogy: Book is to Reading as Fork is to ___

A) Kitchen
B) Eating
C) Metal
D) Cooking


2. Which word does NOT belong in this group?

A) Happy
B) Joyful
C) Table
D) Cheerful


3. Choose the word that means the opposite of "Brave":

A) Cowardly
B) Strong
C) Fast
D) Smart


LOGICAL REASONING
--------------------------------------------------------------------------------

4. What number comes next in the sequence? 2, 4, 8, 16, __

A) 20
B) 24
C) 32
D) 36


5. If Red + Blue = Purple, and Yellow + Blue = Green, what color would you get from Red + Yellow?

A) Purple
B) Green
C) Orange
D) Brown


Error: Traceback (most recent call last):
  File "C:\mygit\Slazy\repo\iq\iq_test.py", line 214, in <module>
    test.display_test()
  File "C:\mygit\Slazy\repo\iq\iq_test.py", line 172, in display_test
    print(f"\n{q['question']}\n")
  File "C:\Users\Machine81\AppData\Roaming\uv\python\cpython-3.11.10-windows-x86_64-none\Lib\encodings\cp1252.py", line 19, in encode
    return codecs.charmap_encode(input,self.errors,encoding_table)[0]
           ^^^^^^^^^^^^^^^^^^^^^^^^^^^^^^^^^^^^^^^^^^^^^^^^^^^^^^^
UnicodeEncodeError: 'charmap' codec can't encode characters in position 31-36: character maps to <undefined>


📎 📎 📎 📎 📎 
EditTool executing command: create on path: C:\mygit\Slazy\repo\iq\iq_test.py

📎 📎 📎 📎 📎 
ProjectSetupTool executing command: run_app in python environment

📎 📎 📎 📎 📎 
ProjectSetupTool completed: Command: run_app
Status: success
Project Path: C:\mygit\Slazy\repo\iq

Application Output:
================================================================================
                            IQ TEST FOR 11-YEAR-OLDS                            
================================================================================

Instructions:
- Read each question carefully
- Choose the best answer from the options given
- Take your time and think about each question

--------------------------------------------------------------------------------

VERBAL REASONING
--------------------------------------------------------------------------------

1. Complete the analogy: Book is to Reading as Fork is to ___

A) Kitchen
B) Eating
C) Metal
D) Cooking


2. Which word does NOT belong in this group?

A) Happy
B) Joyful
C) Table
D) Cheerful


3. Choose the word that means the opposite of "Brave":

A) Cowardly
B) Strong
C) Fast
D) Smart


LOGICAL REASONING
--------------------------------------------------------------------------------

4. What number comes next in the sequence? 2, 4, 8, 16, __

A) 20
B) 24
C) 32
D) 36


5. If Red + Blue = Purple, and Yellow + Blue = Green, what color would you get from Red + Yellow?

A) Purple
B) Green
C) Orange
D) Brown


6. Which pattern comes next? O * O * O * __

A) *
B) O
C) #
D) +


SPATIAL REASONING
--------------------------------------------------------------------------------

7. If you fold this flat shape into a box, which edge meets edge X?
   +--X--+
   |     |
+--+-----+--+
|  |     |  |
+--+-----+--+
   |     |
   +-----+

A) The top edge
B) The bottom edge
C) The left edge
D) The right edge


8. Which shape would complete this pattern?
^ [] O
[] O ^
O ^ __

A) ^
B) []
C) O
D) #


9. If you rotate this shape 90 degrees clockwise, what will it look like?
+---+
|   |
+---+

A) +--+
|  |
|  |
+--+
B) +--+
|  |
+--+
C) +---+
|   |
+---+
D) +---+
|   |
+---+


QUANTITATIVE REASONING
--------------------------------------------------------------------------------

10. If a box of 12 colored pencils costs $3, how much would 36 pencils cost?

A) $6
B) $9
C) $12
D) $15


11. Tom has twice as many marbles as Jane. Jane has 15 marbles. How many marbles do they have together?

A) 30
B) 45
C) 60
D) 75


12. What fraction of this shape is shaded?
##..
##..
##..

A) 1/2
B) 1/3
C) 2/3
D) 3/4


================================================================================
                                   ANSWER KEY                                   
================================================================================

Question 1:
Correct Answer: B
Explanation: A book is used for reading, just as a fork is used for eating.
----------------------------------------

Question 2:
Correct Answer: C
Explanation: Table is not an emotion, while all other words describe feelings of happiness.
----------------------------------------

Question 3:
Correct Answer: A
Explanation: Cowardly is the antonym (opposite) of brave.
----------------------------------------

Question 4:
Correct Answer: C
Explanation: Each number is doubled to get the next number (2x2=4, 4x2=8, 8x2=16, 16x2=32).
----------------------------------------

Question 5:
Correct Answer: C
Explanation: Red mixed with yellow creates orange.
----------------------------------------

Question 6:
Correct Answer: A
Explanation: The pattern alternates between O and *, so * should come next.
----------------------------------------

Question 7:
Correct Answer: B
Explanation: When folded into a cube, edge X meets the bottom edge.
----------------------------------------

Question 8:
Correct Answer: B
Explanation: The pattern rotates triangle (^), square ([]), circle (O) in each row.
----------------------------------------

Question 9:
Correct Answer: A
Explanation: When rotated 90 degrees clockwise, the rectangle becomes taller than it is wide.
----------------------------------------

Question 10:
Correct Answer: B
Explanation: 36 pencils is 3 times 12 pencils, so the cost is 3 x $3 = $9.
----------------------------------------

Question 11:
Correct Answer: B
Explanation: Jane has 15 marbles, Tom has 30 marbles (2 x 15). Together they have 45 marbles (15 + 30).
----------------------------------------

Question 12:
Correct Answer: A
Explanation: Half of the rectangle is shaded (2 columns out of 4), so the fraction is 1/2.
----------------------------------------


📎 📎 📎 📎 📎 
('Error', '')

📎 📎 📎 📎 📎 
('Initialization Error', '')

