🤡 🤡 🤡 🤡 🤡 
You are tasked with creating a fully comprehensive IQ test designed specifically for an 11-year-old child that can produce scientifically valid results. The test will eventually be evaluated by another AI agent, but you are only responsible for generating the test. The final output should be coded as a javascript web app. Please follow these guidelines:

1. **Test Format and Structure**:
   - The test should consist of 10-15 carefully designed questions.
   - Include a mix of question types such as:
     - Verbal reasoning (e.g., analogies, vocabulary).
     - Logical and abstract reasoning (e.g., pattern recognition, sequences).
     - Spatial reasoning (e.g., puzzles requiring mental rotation).
     - Quantitative reasoning (e.g., basic arithmetic puzzles or simple problem-solving).
   - Provide multiple-choice answers for each question (with 3 to 5 options per question).
   - The test taker should only see one question at a time.

2. **Scientific Rigor**:
   - Ensure the test is comprehensive with questions that are statistically valid and capable of measuring cognitive abilities effectively.
   - Include clearly defined metrics or criteria for scoring each question to enable a scientific evaluation of the results.
   - Where appropriate, include brief explanations or rationales for the answers to support future scientific analysis.

3. **Content and Difficulty**:
   - Ensure the difficulty and content are age-appropriate yet challenging for an 11-year-old.
   - Use language that is clear and suitable for the target audience.
   - The test should both stimulate cognitive abilities and provide measurable outcomes that can be scientifically analyzed.

4. **Technical Implementation Web App**:
   - The app should include a scoring mechanism that calculates a cumulative score based on user responses.

5. **Output Format**:
   - Output the complete code for the  web app.
   - Make sure the code is readable with clear comments and modular structure for ease of future evaluation.
   - Do not include any direct instructions for the evaluator within the user-facing parts of the app.

Write the comprehensive IQ test accordingly.
use the write_code tool to write all code for the project.
When finished, please open the page to show that it works.Your project directory is C:\mygit\Slazy\repo\iq. You need to make sure that all files you create and work you do is done in that directory. 


🤡 🤡 🤡 🤡 🤡 
You are tasked with creating a fully comprehensive IQ test designed specifically for an 11-year-old child that can produce scientifically valid results. The test will eventually be evaluated by another AI agent, but you are only responsible for generating the test. The final output should be coded as a javascript web app. Please follow these guidelines:

1. **Test Format and Structure**:
   - The test should consist of 10-15 carefully designed questions.
   - Include a mix of question types such as:
     - Verbal reasoning (e.g., analogies, vocabulary).
     - Logical and abstract reasoning (e.g., pattern recognition, sequences).
     - Spatial reasoning (e.g., puzzles requiring mental rotation).
     - Quantitative reasoning (e.g., basic arithmetic puzzles or simple problem-solving).
   - Provide multiple-choice answers for each question (with 3 to 5 options per question).
   - The test taker should only see one question at a time.

2. **Scientific Rigor**:
   - Ensure the test is comprehensive with questions that are statistically valid and capable of measuring cognitive abilities effectively.
   - Include clearly defined metrics or criteria for scoring each question to enable a scientific evaluation of the results.
   - Where appropriate, include brief explanations or rationales for the answers to support future scientific analysis.

3. **Content and Difficulty**:
   - Ensure the difficulty and content are age-appropriate yet challenging for an 11-year-old.
   - Use language that is clear and suitable for the target audience.
   - The test should both stimulate cognitive abilities and provide measurable outcomes that can be scientifically analyzed.

4. **Technical Implementation Web App**:
   - The app should include a scoring mechanism that calculates a cumulative score based on user responses.

5. **Output Format**:
   - Output the complete code for the  web app.
   - Make sure the code is readable with clear comments and modular structure for ease of future evaluation.
   - Do not include any direct instructions for the evaluator within the user-facing parts of the app.

Write the comprehensive IQ test accordingly.
use the write_code tool to write all code for the project.
When finished, please open the page to show that it works.Your project directory is C:\mygit\Slazy\repo\iq. You need to make sure that all files you create and work you do is done in that directory. 


🤡 🤡 🤡 🤡 🤡 

['Total Token Usage 📈', 'Total Cache Creation: 3,059', 'Total Cache Retrieval: 0', 'Total Output: 141', 'Total Tokens: 3,891 with a total cost of $0.02 USD.']

🤡 🤡 🤡 🤡 🤡 
Command: setup_project
Status: success
Project Path: C:\mygit\Slazy\repo\iq
Packages Installed:

🤡 🤡 🤡 🤡 🤡 

['Total Token Usage 📈', 'Total Cache Creation: 4,022', 'Total Cache Retrieval: 3,059', 'Total Output: 463', 'Total Tokens: 8,237 with a total cost of $0.03 USD.']

🤡 🤡 🤡 🤡 🤡 
Command: write_code_to_file
Status: success
Project Path: C:\mygit\Slazy\repo\iq
Filename: index.html
Code:
<!DOCTYPE html>
<html lang="en">
<head>
    <meta charset="UTF-8">
    <meta http-equiv="X-UA-Compatible" content="IE=edge">
    <meta name="viewport" content="width=device-width, initial-scale=1.0">
    <title>IQ Test</title>
    <link rel="stylesheet" href="styles.css">
</head>
<body>
    <main>
        <section id="welcome-screen" aria-label="Welcome Screen">
            <h1>Welcome to the IQ Test</h1>
            <button id="start-button">Start Test</button>
        </section>

        <section id="question-screen" aria-label="Question Screen" hidden>
            <div id="progress" aria-readonly="true">
                Question <span id="current-question">1</span> of <span id="total-questions">10</span>
            </div>
            <form id="question-form" aria-labelledby="question-heading">
                <h2 id="question-heading">Question text here</h2>
                <ul id="answer-options">
                    <li>
                        <label>
                            <input type="radio" name="answer" value="A">
                            Option A
                        </label>
                    </li>
                    <li>
                        <label>
                            <input type="radio" name="answer" value="B">
                            Option B
                        </label>
                    </li>
                    <li>
                        <label>
                            <input type="radio" name="answer" value="C">
                            Option C
                        </label>
                    </li>
                    <li>
                        <label>
                            <input type="radio" name="answer" value="D">
                            Option D
                        </label>
                    </li>
                </ul>
                <div class="navigation-buttons">
                    <button type="button" id="prev-button">Previous</button>
                    <button type="button" id="next-button">Next</button>
                </div>
            </form>
        </section>

        <section id="results-screen" aria-label="Results Screen" hidden>
            <h2>Your Score</h2>
            <p>You scored <span id="score">0</span> out of <span id="total-score">10</span></p>
            <button id="restart-button">Restart Test</button>
        </section>
    </main>
    <script src="script.js"></script>
</body>
</html>

🤡 🤡 🤡 🤡 🤡 

['Total Token Usage 📈', 'Total Cache Creation: 5,912', 'Total Cache Retrieval: 7,081', 'Total Output: 731', 'Total Tokens: 14,418 with a total cost of $0.04 USD.']

🤡 🤡 🤡 🤡 🤡 
Command: write_code_to_file
Status: success
Project Path: C:\mygit\Slazy\repo\iq
Filename: styles.css
Code:
/* styles.css */

body {
    font-family: 'Arial Rounded MT Bold', Arial, sans-serif;
    color: #333;
    line-height: 1.6;
    margin: 0;
    padding: 0;
    background-color: #f0f8ff;
}

main {
    max-width: 800px;
    margin: 0 auto;
    padding: 20px;
}

section {
    margin-bottom: 40px;
    padding: 20px;
    background-color: #ffffff;
    border-radius: 10px;
    box-shadow: 0 4px 6px rgba(0, 0, 0, 0.1);
    animation: fadeIn 0.5s ease-in-out;
}

h1, h2 {
    color: #007BFF;
    text-align: center;
    margin-bottom: 20px;
}

button {
    background-color: #007BFF;
    color: white;
    border: none;
    border-radius: 25px;
    padding: 10px 20px;
    font-size: 16px;
    cursor: pointer;
    transition: background-color 0.3s ease, transform 0.2s ease;
    margin: 10px;
}

button:hover {
    background-color: #0056b3;
    transform: translateY(-2px);
}

button:disabled {
    background-color: #cccccc;
    cursor: not-allowed;
}

#welcome-screen {
    display: flex;
    flex-direction: column;
    align-items: center;
    justify-content: center;
    height: 70vh;
}

#question-screen {
    display: flex;
    flex-direction: column;
}

#progress {
    font-size: 18px;
    margin-bottom: 20px;
    text-align: center;
}

form {
    display: flex;
    flex-direction: column;
    align-items: stretch;
}

#question-heading {
    font-size: 24px;
    margin-bottom: 20px;
    text-align: center;
}

#answer-options {
    list-style: none;
    padding: 0;
    margin-bottom: 20px;
}

#answer-options li {
    margin-bottom: 15px;
}

#answer-options label {
    display: flex;
    align-items: center;
    background-color: #e6f7ff;
    padding: 10px;
    border-radius: 8px;
    cursor: pointer;
    transition: background-color 0.3s ease;
}

#answer-options input[type="radio"] {
    margin-right: 10px;
    transform: scale(1.2);
}

#answer-options label:hover {
    background-color: #d0ebff;
}

.navigation-buttons {
    display: flex;
    justify-content: space-between;
}

#results-screen {
    text-align: center;
}

#score {
    font-size: 48px;
    color: #28a745;
}

@media (max-width: 600px) {
    main {
        padding: 10px;
    }

    h1, h2 {
        font-size: 1.5em;
    }

    button {
        width: 100%;
        padding: 15px;
    }

    .navigation-buttons {
        flex-direction: column;
    }

    .navigation-buttons button {
        margin: 5px 0;
    }
}

@keyframes fadeIn {
    from { opacity: 0; transform: translateY(20px); }
    to { opacity: 1; transform: translateY(0); }
}

🤡 🤡 🤡 🤡 🤡 

['Total Token Usage 📈', 'Total Cache Creation: 8,387', 'Total Cache Retrieval: 12,993', 'Total Output: 1,016', 'Total Tokens: 23,090 with a total cost of $0.05 USD.']

🤡 🤡 🤡 🤡 🤡 
Command: write_code_to_file
Status: success
Project Path: C:\mygit\Slazy\repo\iq
Filename: script.js
Code:
// script.js

// IQ Test Questions Data
const questions = [
  // Question 1
  {
    question: "Which word is the smallest?",
    options: ["Cat", "Mouse", "Elephant", "Ant"],
    answer: "Ant",
    selectedAnswer: null
  },
  // Question 2
  {
    question: "Which number comes next in the sequence? 1, 4, 7, 10, ...",
    options: ["12", "13", "14", "15"],
    answer: "13",
    selectedAnswer: null
  },
  // Question 3
  {
    question: "What is the opposite of 'North'?",
    options: ["West", "East", "South", "Up"],
    answer: "South",
    selectedAnswer: null
  },
  // Question 4
  {
    question: "If 3 + 5 = 12 and 4 + 4 = 16, what is 6 + 2?",
    options: ["8", "12", "16", "24"],
    answer: "24",
    selectedAnswer: null
  },
  // Question 5
  {
    question: "How many sides does an octagon have?",
    options: ["5", "6", "7", "8"],
    answer: "8",
    selectedAnswer: null
  },
  // Question 6
  {
    question: "If you add the first and last letter of the alphabet, what do you get?",
    options: ["A", "Z", "AA", "AZ"],
    answer: "AZ",
    selectedAnswer: null
  },
  // Question 7
  {
    question: "Which letter comes next in the pattern? A, E, I, O, ...",
    options: ["U", "L", "Q", "Y"],
    answer: "U",
    selectedAnswer: null
  },
  // Question 8
  {
    question: "What is 5 cubed?",
    options: ["15", "50", "125", "250"],
    answer: "125",
    selectedAnswer: null
  },
  // Question 9
  {
    question: "Which of these words does not belong? Plane, Helicopter, Drone, Bird",
    options: ["Plane", "Helicopter", "Drone", "Bird"],
    answer: "Bird",
    selectedAnswer: null
  },
  // Question 10
  {
    question: "If a car is 60 miles away and traveling at 60 miles per hour, how many hours will it take to reach you?",
    options: ["1", "2", "3", "4"],
    answer: "1",
    selectedAnswer: null
  }
];

// DOM Elements
const welcomeScreen = document.getElementById("welcome-screen");
const questionScreen = document.getElementById("question-screen");
const resultsScreen = document.getElementById("results-screen");
const questionHeading = document.getElementById("question-heading");
const answerOptions = document.getElementById("answer-options");
const prevButton = document.getElementById("prev-button");
const nextButton = document.getElementById("next-button");
const scoreDisplay = document.getElementById("score");
const totalScoreDisplay = document.getElementById("total-score");
const startButton = document.getElementById("start-button");
const restartButton = document.getElementById("restart-button");
const currentQuestionDisplay = document.getElementById("current-question");
const totalQuestionsDisplay = document.getElementById("total-questions");

// State Management
let currentQuestionIndex = 0;
let score = 0;

// Initialize total questions display
totalQuestionsDisplay.textContent = questions.length;

// Event Listener: Start Test Button
startButton.addEventListener("click", () => {
  welcomeScreen.hidden = true;
  questionScreen.hidden = false;
  showQuestion(currentQuestionIndex);
  updateProgress();
});

// Event Listener: Previous Button
prevButton.addEventListener("click", () => {
  if (currentQuestionIndex > 0) {
    currentQuestionIndex--;
    showQuestion(currentQuestionIndex);
    updateProgress();
  }
});

// Event Listener: Next Button
nextButton.addEventListener("click", () => {
  // Check if an answer is selected
  const selectedOption = document.querySelector('input[name="answer"]:checked');
  if (!selectedOption) {
    alert("Please select an answer before proceeding.");
    return;
  }

  // Save the selected answer
  questions[currentQuestionIndex].selectedAnswer = selectedOption.value;

  // If last question, submit the test
  if (currentQuestionIndex === questions.length - 1) {
    calculateScore();
    showResults();
  } else {
    // Move to next question
    currentQuestionIndex++;
    showQuestion(currentQuestionIndex);
    updateProgress();
  }
});

// Event Listener: Restart Test Button
restartButton.addEventListener("click", () => {
  resetTest();
});

// Function to Show a Specific Question
function showQuestion(index) {
  const question = questions[index];
  questionHeading.textContent = question.question;
  clearAnswerOptions();

  question.options.forEach((option) => {
    const li = document.createElement("li");
    const label = document.createElement("label");
    const radioInput = document.createElement("input");

    radioInput.type = "radio";
    radioInput.name = "answer";
    radioInput.value = option;
    radioInput.checked = question.selectedAnswer === option;

    label.appendChild(radioInput);
    label.appendChild(document.createTextNode(option));
    li.appendChild(label);
    answerOptions.appendChild(li);
  });

  updateNavigationButtons();
}

// Function to Clear Answer Options
function clearAnswerOptions() {
  answerOptions.innerHTML = "";
}

// Function to Update Navigation Buttons
function updateNavigationButtons() {
  prevButton.disabled = currentQuestionIndex === 0;
  nextButton.textContent = currentQuestionIndex === questions.length - 1 ? "Submit" : "Next";
}

// Function to Update Progress Display
function updateProgress() {
  currentQuestionDisplay.textContent = currentQuestionIndex + 1;
}

// Function to Calculate the Score
function calculateScore() {
  score = 0;
  questions.forEach((question) => {
    if (question.selectedAnswer === question.answer) {
      score++;
    }
  });
}

// Function to Show Results Screen
function showResults() {
  questionScreen.hidden = true;
  resultsScreen.hidden = false;
  scoreDisplay.textContent = score;
  totalScoreDisplay.textContent = questions.length;
}

// Function to Reset the Test
function resetTest() {
  currentQuestionIndex = 0;
  score = 0;
  questions.forEach((question) => {
    question.selectedAnswer = null;
  });
  resultsScreen.hidden = true;
  welcomeScreen.hidden = false;
}

🤡 🤡 🤡 🤡 🤡 
response: To convert the given Bash command into Python, we'll execute each step programmatically: change the directory, initialize a Node.js project with `npm init`, and install a package with `npm install`. This illustration will make use of the Python `subprocess` module to execute npm commands, since npm itself is a platform-agnostic Node.js package manager:

```python
import subprocess
import pathlib
import logging
import os

# Set up logging
logging.basicConfig(level=logging.INFO, format='%(asctime)s - %(levelname)s - %(message)s')

def initialize_npm_project(project_directory):
    try:
        # Ensure the directory exists
        project_path = pathlib.Path(project_directory).resolve()
        if not project_path.exists() or not project_path.is_dir():
            raise FileNotFoundError(f"The directory {project_path} does not exist.")

        # Change working directory
        os.chdir(project_path)

        # Initialize npm project
        logging.info("Initializing npm project...")
        subprocess.run(['npm', 'init', '-y'], check=True)

        # Install http-server as a dev dependency
        logging.info("Installing http-server as a dev dependency...")
        subprocess.run(['npm', 'install', '--save-dev', 'http-server'], check=True)

        logging.info("npm project initialized and http-server installed successfully.")

    except FileNotFoundError as fnf_error:
        logging.error(fnf_error)
    except subprocess.CalledProcessError as cpe:
        logging.error(f"Command failed with exit status {cpe.returncode}. Verify npm is installed and accessible.")
    except Exception as e:
        logging.error(f"An unexpected error occurred: {e}")

# Path to the project directory
project_directory = r'C:\mygit\Slazy\repo\iq'

initialize_npm_project(project_directory)
```

### Explanation:
- **Directory Handling**: We use `pathlib.Path` to handle paths, ensuring compatibility across different platforms.
- **Logging**: Configured basic logging to track the steps and potential errors.
- **Subprocess Run**: The `subprocess.run` function executes shell commands. The `check=True` parameter makes sure that any failure will raise a `CalledProcessError`.
- **Error Handling**: This includes handling file not found errors if the directory does not exist and any subprocess execution errors.

This script essentially performs the same operations as your original Bash command but is tailored to be executable in any Python environment with logging and error handling. Make sure Node.js and npm are installed and available in the environment PATH for this script to function correctly.

🤡 🤡 🤡 🤡 🤡 
Executing Python script...

🤡 🤡 🤡 🤡 🤡 
Error Message:
2025-02-04 13:23:04,123 - INFO - Initializing npm project...
2025-02-04 13:23:04,129 - ERROR - [WinError 2] The system cannot find the file specified


🤡 🤡 🤡 🤡 🤡 

['Total Token Usage 📈', 'Total Cache Creation: 12,389', 'Total Cache Retrieval: 21,380', 'Total Output: 1,131', 'Total Tokens: 35,594 with a total cost of $0.07 USD.']

🤡 🤡 🤡 🤡 🤡 
output: 
error: 2025-02-04 13:23:04,123 - INFO - Initializing npm project...
2025-02-04 13:23:04,129 - ERROR - [WinError 2] The system cannot find the file specified


🤡 🤡 🤡 🤡 🤡 
response: To convert the given Bash command to a platform-agnostic Python script, we need to replicate the behavior of changing to a specified directory and starting an HTTP server on port 8000. This can be achieved using the `http.server` module in Python.

Here is the complete Python code with proper error handling and logging, using Python's `pathlib` for path management to ensure cross-platform compatibility:

```python
import os
import logging
from http.server import HTTPServer, SimpleHTTPRequestHandler
from pathlib import Path

def setup_logging():
    logging.basicConfig(level=logging.INFO,
                        format='%(asctime)s - %(levelname)s - %(message)s')

def change_directory(path):
    try:
        os.chdir(path)
        logging.info(f"Changed directory to {path}")
    except FileNotFoundError:
        logging.error(f"Directory not found: {path}")
        return False
    except PermissionError:
        logging.error(f"Permission denied: {path}")
        return False
    except Exception as e:
        logging.error(f"An unexpected error occurred: {e}")
        return False
    return True

def start_http_server(port):
    try:
        with HTTPServer(('', port), SimpleHTTPRequestHandler) as httpd:
            logging.info(f"Serving HTTP on port {port}")
            httpd.serve_forever()
    except OSError as e:
        logging.error(f"Server error: {e}")
    except KeyboardInterrupt:
        logging.info("Server stopped by user")
    except Exception as e:
        logging.error(f"An unexpected error occurred: {e}")

def main():
    setup_logging()
    project_directory = Path("C:/mygit/Slazy/repo/iq")
    
    if not project_directory.exists() or not project_directory.is_dir():
        logging.error("Invalid project directory.")
        return
    
    if change_directory(project_directory):
        start_http_server(8000)

if __name__ == "__main__":
    main()
```

### Key Features:
1. **Path Management:** Uses `pathlib` for handling paths, ensuring it works across different operating systems.
2. **Logging:** Implements logging for all major actions and errors, making it easy to debug and maintain.
3. **Error Handling:** Catches specific errors such as `FileNotFoundError`, `PermissionError`, and general exceptions, providing meaningful error messages.
4. **Platform Independence:** Works on any system with Python installed, regardless of platform.

In this script, we first set up logging and attempt to change the directory to the specified project directory. If successful, we then start an HTTP server on port 8000. If there's any error in changing the directory or starting the server, appropriate logs are generated.

🤡 🤡 🤡 🤡 🤡 
Executing Python script...

🤡 🤡 🤡 🤡 🤡 
Error Message:
2025-02-04 13:23:27,368 - INFO - Changed directory to C:\mygit\Slazy\repo\iq
2025-02-04 13:23:28,246 - INFO - Serving HTTP on port 8000
2025-02-04 13:25:28,531 - INFO - Server stopped by user


🤡 🤡 🤡 🤡 🤡 

['Total Token Usage 📈', 'Total Cache Creation: 12,699', 'Total Cache Retrieval: 33,769', 'Total Output: 1,235', 'Total Tokens: 48,397 with a total cost of $0.08 USD.']

🤡 🤡 🤡 🤡 🤡 
output: 
error: 2025-02-04 13:23:27,368 - INFO - Changed directory to C:\mygit\Slazy\repo\iq
2025-02-04 13:23:28,246 - INFO - Serving HTTP on port 8000
2025-02-04 13:25:28,531 - INFO - Server stopped by user


