🤡 🤡 🤡 🤡 🤡 
You are tasked with creating a fully comprehensive IQ test designed specifically for an 11-year-old child that can produce scientifically valid results. The test will eventually be evaluated by another AI agent, but you are only responsible for generating the test. The final output should be coded as a React web app. Please follow these guidelines:

1. **Test Format and Structure**:
   - The test should consist of 10-15 carefully designed questions.
   - Include a mix of question types such as:
     - Verbal reasoning (e.g., analogies, vocabulary).
     - Logical and abstract reasoning (e.g., pattern recognition, sequences).
     - Spatial reasoning (e.g., puzzles requiring mental rotation).
     - Quantitative reasoning (e.g., basic arithmetic puzzles or simple problem-solving).
   - Provide multiple-choice answers for each question (with 3 to 5 options per question).
   - Clearly number each question.

2. **Scientific Rigor**:
   - Ensure the test is comprehensive with questions that are statistically valid and capable of measuring cognitive abilities effectively.
   - Include clearly defined metrics or criteria for scoring each question to enable a scientific evaluation of the results.
   - Where appropriate, include brief explanations or rationales for the answers to support future scientific analysis.

3. **Content and Difficulty**:
   - Ensure the difficulty and content are age-appropriate yet challenging for an 11-year-old.
   - Use language that is clear and suitable for the target audience.
   - The test should both stimulate cognitive abilities and provide measurable outcomes that can be scientifically analyzed.

4. **Technical Implementation as a React Web App**:
   - The entire test should be implemented as a React web application.
   - The app should display the test dynamically, with each question, its options, and (if applicable) an explanation for the correct answer in a user-friendly layout.
   - Data should be managed appropriately using React state management (for instance, use the useState hook for tracking answers and scores).
   - The app should include a scoring mechanism that calculates a cumulative score based on user responses.
   - Optionally, include instructions for future modifications to export or view detailed scientific results.
   - All code must be contained within a single React component or, if necessary, multiple components that are modular and well-documented.

5. **Output Format**:
   - Output the complete code for the React web app in plain text using appropriate code formatting.
   - Make sure the code is readable with clear comments and modular structure for ease of future evaluation.
   - Do not include any direct instructions for the evaluator within the user-facing parts of the app.

Write the comprehensive IQ test accordingly as a React web app.

When finished, please open the page to show that it works.Your project directory is C:\mygit\Slazy\repo\iq. You need to make sure that all files you create and work you do is done in that directory. 


🤡 🤡 🤡 🤡 🤡 
You are tasked with creating a fully comprehensive IQ test designed specifically for an 11-year-old child that can produce scientifically valid results. The test will eventually be evaluated by another AI agent, but you are only responsible for generating the test. The final output should be coded as a React web app. Please follow these guidelines:

1. **Test Format and Structure**:
   - The test should consist of 10-15 carefully designed questions.
   - Include a mix of question types such as:
     - Verbal reasoning (e.g., analogies, vocabulary).
     - Logical and abstract reasoning (e.g., pattern recognition, sequences).
     - Spatial reasoning (e.g., puzzles requiring mental rotation).
     - Quantitative reasoning (e.g., basic arithmetic puzzles or simple problem-solving).
   - Provide multiple-choice answers for each question (with 3 to 5 options per question).
   - Clearly number each question.

2. **Scientific Rigor**:
   - Ensure the test is comprehensive with questions that are statistically valid and capable of measuring cognitive abilities effectively.
   - Include clearly defined metrics or criteria for scoring each question to enable a scientific evaluation of the results.
   - Where appropriate, include brief explanations or rationales for the answers to support future scientific analysis.

3. **Content and Difficulty**:
   - Ensure the difficulty and content are age-appropriate yet challenging for an 11-year-old.
   - Use language that is clear and suitable for the target audience.
   - The test should both stimulate cognitive abilities and provide measurable outcomes that can be scientifically analyzed.

4. **Technical Implementation as a React Web App**:
   - The entire test should be implemented as a React web application.
   - The app should display the test dynamically, with each question, its options, and (if applicable) an explanation for the correct answer in a user-friendly layout.
   - Data should be managed appropriately using React state management (for instance, use the useState hook for tracking answers and scores).
   - The app should include a scoring mechanism that calculates a cumulative score based on user responses.
   - Optionally, include instructions for future modifications to export or view detailed scientific results.
   - All code must be contained within a single React component or, if necessary, multiple components that are modular and well-documented.

5. **Output Format**:
   - Output the complete code for the React web app in plain text using appropriate code formatting.
   - Make sure the code is readable with clear comments and modular structure for ease of future evaluation.
   - Do not include any direct instructions for the evaluator within the user-facing parts of the app.

Write the comprehensive IQ test accordingly as a React web app.

When finished, please open the page to show that it works.Your project directory is C:\mygit\Slazy\repo\iq. You need to make sure that all files you create and work you do is done in that directory. 


🤡 🤡 🤡 🤡 🤡 

['Total Token Usage 📈', 'Total Cache Creation: 0', 'Total Cache Retrieval: 3,059', 'Total Output: 186', 'Total Tokens: 4,057 with a total cost of $0.01 USD.']

🤡 🤡 🤡 🤡 🤡 
Command: setup_project
Status: success
Project Path: C:\mygit\Slazy\repo\iq
Packages Installed:

🤡 🤡 🤡 🤡 🤡 

['Total Token Usage 📈', 'Total Cache Creation: 1,129', 'Total Cache Retrieval: 6,118', 'Total Output: 350', 'Total Tokens: 8,411 with a total cost of $0.01 USD.']

🤡 🤡 🤡 🤡 🤡 
Command: add_additional_depends
Status: success
Project Path: C:\mygit\Slazy\repo\iq
Packages Installed:
  - react
  - react-dom
  - @vitejs/plugin-react
  - vite

🤡 🤡 🤡 🤡 🤡 

['Total Token Usage 📈', 'Total Cache Creation: 1,506', 'Total Cache Retrieval: 10,306', 'Total Output: 591', 'Total Tokens: 13,219 with a total cost of $0.02 USD.']

🤡 🤡 🤡 🤡 🤡 
Command: create
Status: success
File Path: C:\mygit\Slazy\repo\iq\vite.config.js
Operation: File created successfully

🤡 🤡 🤡 🤡 🤡 

['Total Token Usage 📈', 'Total Cache Creation: 1,958', 'Total Cache Retrieval: 14,871', 'Total Output: 877', 'Total Tokens: 18,524 with a total cost of $0.03 USD.']

🤡 🤡 🤡 🤡 🤡 
Command: create
Status: success
File Path: C:\mygit\Slazy\repo\iq\index.html
Operation: File created successfully

🤡 🤡 🤡 🤡 🤡 
response: Below is the Python equivalent of the provided Bash command `mkdir -p "C:\mygit\Slazy\repo\iq\src"`, which creates the directory "src" in the specified path, while ensuring that all parent directories are also created if they do not already exist. The implementation handles potential exceptions and utilizes `pathlib` for cross-platform path operations.

```python
import os
from pathlib import Path

def create_directory(path_str):
    # Convert string path to a Path object
    path = Path(path_str)
    
    try:
        # Create the directory, including parents, if it doesn't exist
        path.mkdir(parents=True, exist_ok=True)
        print(f"Directory '{path}' created successfully.")
    except Exception as e:
        # Provide a clear error message and handle the exception
        print(f"Failed to create directory '{path}': {e}")

if __name__ == "__main__":
    # Path to be created
    directory_path = "C:\\mygit\\Slazy\\repo\\iq\\src"
    
    # Ensure that the script is working within the specified project directory
    project_dir = Path("C:\\mygit\\Slazy\\repo\\iq")
    if project_dir in Path(os.getcwd()).parents:
        create_directory(directory_path)
    else:
        print("Error: Ensure you are operating within the project directory.")
```

### Explanation
- **Pathlib**: We use the `pathlib` module for path manipulations to ensure cross-platform compatibility.
- **Error Handling**: We wrap the directory creation logic in a try-except block to handle any exceptions that may occur, such as permission errors or invalid paths.
- **Exist Check**: By using `exist_ok=True`, we prevent raising an error if the directory already exists, mimicking the `-p` flag functionality in Bash.
- **Project Directory Check**: We ensure that operations are executed within the specified project directory, as per your requirements.

This script implements best practices for Python scripting to replace the given Bash command.

🤡 🤡 🤡 🤡 🤡 
Executing Python script...

🤡 🤡 🤡 🤡 🤡 
Output:
Error: Ensure you are operating within the project directory.


🤡 🤡 🤡 🤡 🤡 

['Total Token Usage 📈', 'Total Cache Creation: 2,561', 'Total Cache Retrieval: 19,888', 'Total Output: 966', 'Total Tokens: 24,235 with a total cost of $0.03 USD.']

🤡 🤡 🤡 🤡 🤡 
output: Error: Ensure you are operating within the project directory.

error: 

🤡 🤡 🤡 🤡 🤡 
response: To convert the given Bash command that uses PowerShell to create a directory into Python, we will utilize the `pathlib` module for handling paths in a platform-independent way, along with proper handling of exceptions and logging. Here's how this can be accomplished in Python:

```python
import logging
from pathlib import Path

def create_directory(path_str):
    """
    Creates a directory at the specified path. If the directory already exists, it does nothing.
    
    :param path_str: The path where the directory should be created.
    :return: None
    """
    try:
        # Set up logging
        logging.basicConfig(level=logging.INFO, format='%(asctime)s - %(levelname)s - %(message)s')

        # Use Path from pathlib for cross-platform path handling
        path = Path(path_str)

        # Create the directory if it does not exist
        path.mkdir(parents=True, exist_ok=True)
        logging.info(f"Directory created successfully: {path}")

    except Exception as e:
        logging.error(f"Failed to create directory: {path}. Error: {e}")

# Specify the path for the directory to be created
directory_path = 'C:\\mygit\\Slazy\\repo\\iq\\src'
create_directory(directory_path)
```

### Explanation:
- **Path Handling:** We use `pathlib.Path` for path operations, which is cross-platform and more robust than simple string manipulations.
- **Directory Creation:** The `mkdir` method of `Path` in Python takes care of creating directories. The parameters `parents=True` and `exist_ok=True` mimic the behavior of PowerShell's `-Force` option by creating any necessary parent directories and not raising an error if the directory already exists.
- **Logging:** We set up basic logging to output messages to the console for tracking success or errors. This provides insight into the operation’s success or potential issues.
- **Exception Handling:** We wrap the directory creation in a try-except block to provide meaningful error messages if something goes wrong.

This code will work across multiple operating systems as it avoids using any system-specific commands and focuses on Python's standard library capabilities to manage file system operations.

🤡 🤡 🤡 🤡 🤡 
Executing Python script...

🤡 🤡 🤡 🤡 🤡 
Error Message:
2025-02-04 01:19:22,677 - INFO - Directory created successfully: C:\mygit\Slazy\repo\iq\src


🤡 🤡 🤡 🤡 🤡 

['Total Token Usage 📈', 'Total Cache Creation: 2,743', 'Total Cache Retrieval: 25,508', 'Total Output: 1,066', 'Total Tokens: 30,138 with a total cost of $0.04 USD.']

🤡 🤡 🤡 🤡 🤡 
output: 
error: 2025-02-04 01:19:22,677 - INFO - Directory created successfully: C:\mygit\Slazy\repo\iq\src


🤡 🤡 🤡 🤡 🤡 

['Total Token Usage 📈', 'Total Cache Creation: 3,008', 'Total Cache Retrieval: 31,310', 'Total Output: 1,266', 'Total Tokens: 36,405 with a total cost of $0.04 USD.']

🤡 🤡 🤡 🤡 🤡 
Command: create
Status: success
File Path: C:\mygit\Slazy\repo\iq\src\main.jsx
Operation: File created successfully

🤡 🤡 🤡 🤡 🤡 

['Total Token Usage 📈', 'Total Cache Creation: 3,439', 'Total Cache Retrieval: 37,377', 'Total Output: 2,042', 'Total Tokens: 43,679 with a total cost of $0.06 USD.']

🤡 🤡 🤡 🤡 🤡 
Command: create
Status: success
File Path: C:\mygit\Slazy\repo\iq\src\styles.css
Operation: File created successfully

🤡 🤡 🤡 🤡 🤡 

['Total Token Usage 📈', 'Total Cache Creation: 5,061', 'Total Cache Retrieval: 43,875', 'Total Output: 4,270', 'Total Tokens: 54,027 with a total cost of $0.10 USD.']

🤡 🤡 🤡 🤡 🤡 
Command: create
Status: success
File Path: C:\mygit\Slazy\repo\iq\src\IQTest.jsx
Operation: File created successfully

