🤡 🤡 🤡 🤡 🤡 
The final goal is to create a 3d model that can be 3d printed in a print in place fashion that is a fidget toy.  
You should first create resuable parametric modules that can be used and reused to create the final model.
You could have things like gears, hinges, bearings, pins, bolts, springs, washers, nuts etc. that can be used to create the final model.
It should have moving parts with some sort of hinges or bearings that have tight enough tolerances that they are able to function in a interesting way that could be used as a fidget toy.
You need to put a lot of thought into how it will be printed to ensure that it will be functional being printed in place with no supports. 
your write_code tool should be good at writing scad code that can be used to create the final model and the modules. 
You should specify the language you want the code to be in for each file.  If you are going to use python code to create files, do that but specify. If you are asking for openscad code be specific that that is what you expect. Your project directory is C:\mygit\BLazy\repo\scad. You need to make sure that all files you create and work you do is done in that directory. 


🤡 🤡 🤡 🤡 🤡 
The final goal is to create a 3d model that can be 3d printed in a print in place fashion that is a fidget toy.  
You should first create resuable parametric modules that can be used and reused to create the final model.
You could have things like gears, hinges, bearings, pins, bolts, springs, washers, nuts etc. that can be used to create the final model.
It should have moving parts with some sort of hinges or bearings that have tight enough tolerances that they are able to function in a interesting way that could be used as a fidget toy.
You need to put a lot of thought into how it will be printed to ensure that it will be functional being printed in place with no supports. 
your write_code tool should be good at writing scad code that can be used to create the final model and the modules. 
You should specify the language you want the code to be in for each file.  If you are going to use python code to create files, do that but specify. If you are asking for openscad code be specific that that is what you expect. Your project directory is C:\mygit\BLazy\repo\scad. You need to make sure that all files you create and work you do is done in that directory. 


🤡 🤡 🤡 🤡 🤡 

['Total Token Usage 📈', 'Total Cache Creation: 0', 'Total Cache Retrieval: 3,059', 'Total Output: 184', 'Total Tokens: 3,671 with a total cost of $0.00 USD.']

🤡 🤡 🤡 🤡 🤡 
Command: setup_project
Status: success
Project Path: C:\mygit\BLazy\repo\scad
Packages Installed:

🤡 🤡 🤡 🤡 🤡 

['Total Token Usage 📈', 'Total Cache Creation: 743', 'Total Cache Retrieval: 6,118', 'Total Output: 585', 'Total Tokens: 7,876 with a total cost of $0.01 USD.']

🤡 🤡 🤡 🤡 🤡 
Command: write_code_to_file
Status: success
Project Path: C:\mygit\BLazy\repo\scad
Filename: mechanical_lib.scad
Code:
// Mechanical Library for 3D Printing

// Module for creating print-in-place ball bearings
/**
 * Creates a print-in-place ball bearing with customizable parameters.
 * 
 * @param {float} od - Outer diameter of the bearing
 * @param {int} ball_count - Number of balls in the bearing
 * @param {float} clearance - Clearance between the balls and the outer ring
 * @param {float} tol - Tolerance for 3D printing (default: 0.1)
 */
module ball_bearing(od, ball_count, clearance, tol = 0.1) {
    // Calculate the ball diameter based on the outer diameter and ball count
    ball_diameter = (od / (ball_count + 1)) * 2;
    
    // Create the outer ring
    difference() {
        cylinder(h = 10, d = od, center = true);
        // Subtract the ball cavity
        for (i = [0 : ball_count - 1]) {
            rotate([0, 0, 360 / ball_count * i]) {
                translate([od / 2 - ball_diameter / 2 - clearance / 2, 0, 0]) {
                    sphere(d = ball_diameter + clearance);
                }
            }
        }
    }
    
    // Create the balls
    for (i = [0 : ball_count - 1]) {
        rotate([0, 0, 360 / ball_count * i]) {
            translate([od / 2 - ball_diameter / 2 - clearance / 2, 0, 0]) {
                sphere(d = ball_diameter);
            }
        }
    }
}

// Module for creating print-in-place hinges
/**
 * Creates a print-in-place hinge with adjustable parameters.
 * 
 * @param {float} pin_diameter - Diameter of the hinge pin
 * @param {int} knuckle_count - Number of knuckles in the hinge
 * @param {float} tol - Tolerance for 3D printing (default: 0.1)
 */
module hinge(pin_diameter, knuckle_count, tol = 0.1) {
    // Calculate the knuckle diameter based on the pin diameter and knuckle count
    knuckle_diameter = pin_diameter * 2;
    
    // Create the knuckles
    for (i = [0 : knuckle_count - 1]) {
        translate([i * (knuckle_diameter + pin_diameter), 0, 0]) {
            cylinder(h = 10, d = knuckle_diameter, center = true);
        }
    }
    
    // Create the pin
    for (i = [0 : knuckle_count - 1]) {
        translate([i * (knuckle_diameter + pin_diameter) + knuckle_diameter / 2, 0, 0]) {
            cylinder(h = 10, d = pin_diameter, center = true);
        }
    }
}

// Utility function for managing printer tolerances
/**
 * Calculates the proper clearance based on the tolerance and desired clearance.
 * 
 * @param {float} tol - Tolerance for 3D printing
 * @param {float} clearance - Desired clearance
 * @return {float} Calculated clearance
 */
function calculate_clearance(tol, clearance) {
    return clearance + tol;
}

// Example usage:
ball_bearing(od = 20, ball_count = 5, clearance = 0.5);
translate([30, 0, 0]) {
    hinge(pin_diameter = 5, knuckle_count = 3);
}

// Test the calculate_clearance function
clearance = calculate_clearance(tol = 0.1, clearance = 0.5);
echo("Calculated clearance:", clearance);

