🤡 🤡 🤡 🤡 🤡 
create a 3d simulation deskgop app using C# of the airflow through a car. The user should be able to customize the the size, angles and various other factors and be able to see how the air flow is effected. The simulation should show movement and be able to see the changes made live. you should see the air flow change based on the parameters.  make it very realistic and technical.  make sure that it works very good and looks good. when you are done, start simulation so I can see it work. Your project directory is C:\mygit\BLazy\repo\3dsim. You need to make sure that all files you create and work you do is done in that directory. 


🤡 🤡 🤡 🤡 🤡 
create a 3d simulation deskgop app using C# of the airflow through a car. The user should be able to customize the the size, angles and various other factors and be able to see how the air flow is effected. The simulation should show movement and be able to see the changes made live. you should see the air flow change based on the parameters.  make it very realistic and technical.  make sure that it works very good and looks good. when you are done, start simulation so I can see it work. Your project directory is C:\mygit\BLazy\repo\3dsim. You need to make sure that all files you create and work you do is done in that directory. 


🤡 🤡 🤡 🤡 🤡 
response: To convert the provided Bash command `mkdir -p "C:\mygit\BLazy\repo\3dsim"` into a Python script, we will use the `pathlib` module for handling path operations and create any necessary directories with error handling.

Here's how you can implement this:

```python
import os
from pathlib import Path

def create_directory(path_str):
    """
    Creates a directory and all necessary intermediate directories.
    
    Parameters:
    - path_str (str): The directory path to be created.
    
    Raises:
    - Exception: If the directory cannot be created due to permission issues or invalid path.
    """
    try:
        # Convert string path to a Path object
        path = Path(path_str)
        
        # Create the directory and any parents that do not exist
        path.mkdir(parents=True, exist_ok=True)
        print(f"Directory '{path_str}' created successfully.")
        
    except Exception as e:
        print(f"An error occurred while creating the directory '{path_str}': {e}")

if __name__ == "__main__":
    target_directory = r"C:\mygit\BLazy\repo\3dsim"
    create_directory(target_directory)
```

### Key Points:

- **Path Handling**: Used `pathlib.Path` for path manipulations, ensuring the script is platform-agnostic.
- **Exception Handling**: Captures any exceptions raised during directory creation and prints a descriptive error message.
- **Directory Creation**: Uses `mkdir` with `parents=True` to mimic the `-p` flag in the `mkdir` command which creates intermediate directories as needed.
- **Security Considerations**: Expects the directory path to be valid and appropriately checked for permissions which are handled by `os` and `pathlib` modules.

🤡 🤡 🤡 🤡 🤡 
Executing Python script...

🤡 🤡 🤡 🤡 🤡 
Output:
Directory 'C:\mygit\BLazy\repo\3dsim' created successfully.


🤡 🤡 🤡 🤡 🤡 

['Total Token Usage 📈', 'Total Cache Creation: 0', 'Total Cache Retrieval: 3,059', 'Total Output: 167', 'Total Tokens: 3,520 with a total cost of $0.00 USD.']

🤡 🤡 🤡 🤡 🤡 
output: Directory 'C:\mygit\BLazy\repo\3dsim' created successfully.

error: 

🤡 🤡 🤡 🤡 🤡 
response: The provided Bash command uses PowerShell via the `powershell -Command` syntax to download a file from a specified URL and save it to a designated file path. In this scenario, a direct PowerShell script is more suitable, given that the original command already utilizes PowerShell. Nevertheless, I'll provide a Python implementation as well.

### PowerShell Script
Here's how to achieve the same functionality using a PowerShell script:

```powershell
# PowerShell script to download a file
$uri = 'https://public-cdn.cloud.unity3d.com/hub/prod/UnityHubSetup.exe'
$outFile = 'C:\mygit\BLazy\repo\3dsim\UnityHubSetup.exe'

try {
    Invoke-WebRequest -Uri $uri -OutFile $outFile
    Write-Host "File successfully downloaded to $outFile"
} catch {
    Write-Host "An error occurred: $_"
}
```

### Python Script
Below is a Python script using the `requests` library for the same task. Ensure you have the `requests` library installed by running `pip install requests`.

```python
import requests
from pathlib import Path

def download_file(url, dest_path):
    try:
        # Validate the destination directory
        dest_dir = Path(dest_path).parent
        if not dest_dir.exists():
            dest_dir.mkdir(parents=True, exist_ok=True)
        
        # Download the file
        response = requests.get(url, stream=True)
        response.raise_for_status()  # Raise an error for bad responses

        # Write the content to a file
        with open(dest_path, 'wb') as file:
            for chunk in response.iter_content(chunk_size=8192):
                file.write(chunk)

        print(f"File successfully downloaded to {dest_path}")
        
    except requests.exceptions.RequestException as e:
        print(f"An error occurred while downloading the file: {e}")
    except IOError as e:
        print(f"An error occurred while saving the file: {e}")

if __name__ == "__main__":
    url = 'https://public-cdn.cloud.unity3d.com/hub/prod/UnityHubSetup.exe'
    dest_path = Path(r'C:\mygit\BLazy\repo\3dsim\UnityHubSetup.exe')

    download_file(url, dest_path)
```

### Explanation
- **PowerShell Script**: Utilizes `Invoke-WebRequest`, handles exceptions, and logs the download process.
- **Python Script**: Uses `requests` with streaming for efficient downloading of large files. It includes error handling for both the HTTP request and file writing operations, making sure the output directory exists and is properly managed using `pathlib`.

Both scripts ensure you have robust error handling and the capability to work across different platforms (though the file paths in the examples are Windows-specific due to the original command context).

🤡 🤡 🤡 🤡 🤡 
Executing PowerShell script...

🤡 🤡 🤡 🤡 🤡 
PowerShell Output:
File successfully downloaded to C:\mygit\BLazy\repo\3dsim\UnityHubSetup.exe


🤡 🤡 🤡 🤡 🤡 

['Total Token Usage 📈', 'Total Cache Creation: 570', 'Total Cache Retrieval: 6,118', 'Total Output: 343', 'Total Tokens: 7,327 with a total cost of $0.01 USD.']

🤡 🤡 🤡 🤡 🤡 
output: File successfully downloaded to C:\mygit\BLazy\repo\3dsim\UnityHubSetup.exe

error: 

🤡 🤡 🤡 🤡 🤡 
response: To convert this Bash command which uses PowerShell to start a process into a Python script, we will use the `subprocess` module to execute the command. We will include error handling and ensure that the operation is platform-independent. Below is the complete Python code.

```python
import subprocess
import pathlib
import logging

def start_process(executable_path, arguments):
    """
    Starts a process given the executable path and arguments.
    
    :param executable_path: Path to the executable file
    :param arguments: List of arguments for the executable
    """
    try:
        # Validate that the executable path exists
        executable = pathlib.Path(executable_path)
        if not executable.is_file():
            raise FileNotFoundError(f"The executable {executable} does not exist.")
        
        # Construct the command
        command = ['Start-Process', '-FilePath', str(executable), '-ArgumentList'] + arguments + ['-Wait']
        
        # Execute the command using PowerShell
        subprocess.run(['powershell', '-Command'] + command, check=True)

        logging.info("Process started successfully.")

    except FileNotFoundError as e:
        logging.error(f"File not found: {e}")
    except subprocess.CalledProcessError as e:
        logging.error(f"Failed to start the process: {e.stderr}")
    except Exception as e:
        logging.error(f"An unexpected error has occurred: {e}")

def main():
    # Setup logging
    logging.basicConfig(level=logging.INFO, format='%(asctime)s - %(levelname)s - %(message)s')
    
    # Define the path and arguments
    executable_path = r'C:\mygit\BLazy\repo\3dsim\UnityHubSetup.exe'
    arguments = ['/S']
    
    # Start the process
    start_process(executable_path, arguments)

if __name__ == "__main__":
    main()
```

### Explanation:
- **`subprocess.run`**: Utilized to execute the equivalent operation in PowerShell.
- **Error Handling**: We've added error catching for missing files, execution failures, and miscellaneous exceptions.
- **Logging**: Employing Python's `logging` module to log process status and errors.

This script will work in environments that have PowerShell available, such as Windows. However, should you need a truly cross-platform solution for launching executables, consider using alternatives like native Python's `subprocess.run` tailored to each platform’s specific needs.

🤡 🤡 🤡 🤡 🤡 
Executing Python script...

🤡 🤡 🤡 🤡 🤡 
Error Message:
Start-Process : This command cannot be run due to the error: The operation was canceled by the user.
At line:1 char:1
+ Start-Process -FilePath C:\mygit\BLazy\repo\3dsim\UnityHubSetup.exe - ...
+ ~~~~~~~~~~~~~~~~~~~~~~~~~~~~~~~~~~~~~~~~~~~~~~~~~~~~~~~~~~~~~~~~~~~~~
    + CategoryInfo          : InvalidOperation: (:) [Start-Process], InvalidOperationException
    + FullyQualifiedErrorId : InvalidOperationException,Microsoft.PowerShell.Commands.StartProcessCommand
 
2025-02-02 22:47:21,569 - ERROR - Failed to start the process: None


🤡 🤡 🤡 🤡 🤡 

['Total Token Usage 📈', 'Total Cache Creation: 922', 'Total Cache Retrieval: 9,747', 'Total Output: 464', 'Total Tokens: 11,430 with a total cost of $0.01 USD.']

🤡 🤡 🤡 🤡 🤡 
output: 
error: Start-Process : This command cannot be run due to the error: The operation was canceled by the user.
At line:1 char:1
+ Start-Process -FilePath C:\mygit\BLazy\repo\3dsim\UnityHubSetup.exe - ...
+ ~~~~~~~~~~~~~~~~~~~~~~~~~~~~~~~~~~~~~~~~~~~~~~~~~~~~~~~~~~~~~~~~~~~~~
    + CategoryInfo          : InvalidOperation: (:) [Start-Process], InvalidOperationException
    + FullyQualifiedErrorId : InvalidOperationException,Microsoft.PowerShell.Commands.StartProcessCommand
 
2025-02-02 22:47:21,569 - ERROR - Failed to start the process: None


