🤡 🤡 🤡 🤡 🤡 create a 3d simulation deskgop app using C# of the airflow through a car. The user should be able to customize the the size, angles and various other factors and be able to see how the air flow is effected. The simulation should show movement and be able to see the changes made live. you should see the air flow change based on the parameters.  make it very realistic and technical.  make sure that it works very good and looks good. when you are done, start simulation so I can see it work. Your project directory is C:\mygit\BLazy\repo\3dsim. You need to make sure that all files you create and work you do is done in that directory. 


🤡 🤡 🤡 🤡 🤡 create a 3d simulation deskgop app using C# of the airflow through a car. The user should be able to customize the the size, angles and various other factors and be able to see how the air flow is effected. The simulation should show movement and be able to see the changes made live. you should see the air flow change based on the parameters.  make it very realistic and technical.  make sure that it works very good and looks good. when you are done, start simulation so I can see it work. Your project directory is C:\mygit\BLazy\repo\3dsim. You need to make sure that all files you create and work you do is done in that directory. 


🤡 🤡 🤡 🤡 🤡 
['Total Token Usage 📈', 'Total Cache Creation: 0', 'Total Cache Retrieval: 3,059', 'Total Output: 186', 'Total Tokens: 3,539 with a total cost of $0.00 USD.']

🤡 🤡 🤡 🤡 🤡 Command: setup_project
Status: success
Project Path: C:\mygit\BLazy\repo\3dsim
Packages Installed:

🤡 🤡 🤡 🤡 🤡 response: The given Bash command is a PowerShell command that's executed through Bash. It uses PowerShell to query installed products on a Windows system for those with names like '*Visual Studio*'. This command is highly platform-specific, so providing a PowerShell script would be more appropriate. Then, I'll translate it into a cross-platform Python script using the `os` and `subprocess` libraries in conjunction with `platform` to ensure compatibility.

Here is the PowerShell script:

```powershell
# PowerShell script to list installed products with names like '*Visual Studio*'

try {
    $visualStudioProducts = Get-WmiObject -Class Win32_Product | Where-Object {$_.Name -like '*Visual Studio*'}
    if ($visualStudioProducts) {
        $visualStudioProducts | ForEach-Object {
            Write-Output $_.Name
        }
    } else {
        Write-Output "No Visual Studio products found."
    }
} catch {
    Write-Error "An error occurred while querying WMI: $_"
}
```

Now, here is the corresponding cross-platform Python script using `subprocess` to encapsulate a similar check on Windows platforms only:

```python
import subprocess
import platform
import logging

# Configure logging
logging.basicConfig(level=logging.INFO, format='%(levelname)s: %(message)s')

def check_visual_studio():
    if platform.system() != 'Windows':
        logging.error("This script is intended to run on Windows only.")
        return

    try:
        # Execute PowerShell command to list installed Visual Studio products
        command = [
            "powershell", 
            "-Command", 
            "Get-WmiObject -Class Win32_Product | Where-Object {$_.Name -like '*Visual Studio*'}"
        ]
        process = subprocess.run(command, text=True, capture_output=True, check=True)
        
        if process.stdout:
            logging.info("Installed Visual Studio products:")
            logging.info(process.stdout)
        else:
            logging.info("No Visual Studio products found.")
            
    except subprocess.CalledProcessError as e:
        logging.error(f"Command execution failed with error: {e}")
    except Exception as e:
        logging.error(f"An unexpected error occurred: {e}")

if __name__ == "__main__":
    check_visual_studio()
```

### Key Points Covered:
- The PowerShell script checks for Visual Studio installations on Windows systems using the `Get-WmiObject` command.
- The Python script invokes PowerShell using `subprocess`, making it flexible yet specific to Windows due to its dependence on PowerShell.
- The Python script provides comprehensive error handling and logging.
- It first checks if the operating system is Windows before proceeding, ensuring cross-platform compatibility.
- It uses `subprocess.run` for capturing output, which is preferred over the now-deprecated `subprocess.call`.

Please note that the Python script will only run successfully on Windows systems with PowerShell available. For non-Windows systems or specific requirements, alternative methods would need to be used.

🤡 🤡 🤡 🤡 🤡 Executing PowerShell script...

🤡 🤡 🤡 🤡 🤡 PowerShell Output:
Microsoft Visual Studio Setup WMI Provider
Microsoft Visual Studio Setup Configuration


🤡 🤡 🤡 🤡 🤡 
['Total Token Usage 📈', 'Total Cache Creation: 614', 'Total Cache Retrieval: 6,118', 'Total Output: 372', 'Total Tokens: 7,400 with a total cost of $0.01 USD.']

🤡 🤡 🤡 🤡 🤡 output: Microsoft Visual Studio Setup WMI Provider
Microsoft Visual Studio Setup Configuration

error: 

🤡 🤡 🤡 🤡 🤡 response: To translate the given PowerShell command into a platform-independent Python script, we will use Python's `pathlib` module for handling file and directory operations. This approach will ensure that the script works smoothly across different operating systems like Windows, Linux, and macOS. In addition, we'll incorporate comprehensive error handling to manage any exceptions that might occur during directory creation.

Here's how you can achieve this in Python:

```python
import os
from pathlib import Path

def create_directories(base_path, directories):
    """
    Create directories under the given base path.

    Parameters:
        base_path (str or Path): The base directory in which to create subdirectories.
        directories (list of str): A list of directory paths to be created relative to the base path.

    Returns:
        None
    """
    base_path = Path(base_path)

    for directory in directories:
        try:
            dir_path = base_path / directory
            dir_path.mkdir(parents=True, exist_ok=True)
            print(f"Successfully created: {dir_path}")
        except Exception as e:
            print(f"Error creating directory {directory}: {e}")

def main():
    base_path = Path('C:/mygit/BLazy/repo/3dsim')
    directories = [
        'Assets',
        'Assets/Scripts',
        'Assets/Materials',
        'Assets/Prefabs'
    ]

    create_directories(base_path, directories)

if __name__ == '__main__':
    main()
```

### Key Features of the Script:
- **Platform Independence**: Uses `pathlib` for working with paths, which is more flexible than simple string operations.
- **Error Handling**: Catches and prints errors during directory creation.
- **Recursive Directory Creation**: Uses the `mkdir` method with `parents=True` to create parent directories if they do not exist.
- **Logging Output**: Outputs messages to indicate the success or failure of each directory creation.

This script adheres to Python best practices and is designed to be easily maintained and extended for future requirements.

🤡 🤡 🤡 🤡 🤡 Executing Python script...

🤡 🤡 🤡 🤡 🤡 Output:
Successfully created: C:\mygit\BLazy\repo\3dsim\Assets
Successfully created: C:\mygit\BLazy\repo\3dsim\Assets\Scripts
Successfully created: C:\mygit\BLazy\repo\3dsim\Assets\Materials
Successfully created: C:\mygit\BLazy\repo\3dsim\Assets\Prefabs


🤡 🤡 🤡 🤡 🤡 
['Total Token Usage 📈', 'Total Cache Creation: 909', 'Total Cache Retrieval: 9,791', 'Total Output: 630', 'Total Tokens: 11,627 with a total cost of $0.02 USD.']

🤡 🤡 🤡 🤡 🤡 output: Successfully created: C:\mygit\BLazy\repo\3dsim\Assets
Successfully created: C:\mygit\BLazy\repo\3dsim\Assets\Scripts
Successfully created: C:\mygit\BLazy\repo\3dsim\Assets\Materials
Successfully created: C:\mygit\BLazy\repo\3dsim\Assets\Prefabs

error: 

